Jun  8 01:14:08: access: connection for localhost from ::1 (Mozilla/5.0 (X11; Ubuntu; Linux i686; rv:17.0) Gecko/20100101 Firefox/17.0): 
Jun  8 01:14:08: access: connection for localhost from ::1 (Mozilla/5.0 (X11; Ubuntu; Linux i686; rv:17.0) Gecko/20100101 Firefox/17.0): css/style.css
Jun  8 01:14:08: access: connection for localhost from ::1 (Mozilla/5.0 (X11; Ubuntu; Linux i686; rv:17.0) Gecko/20100101 Firefox/17.0): images/kono-rorikon-domome.svg
Jun  8 01:14:11: access: connection for localhost from ::1 (Mozilla/5.0 (X11; Ubuntu; Linux i686; rv:17.0) Gecko/20100101 Firefox/17.0): ?q=%27a+list+-%3E+%27b+list
Jun  8 01:14:22: access: connection for localhost from ::1 (Mozilla/5.0 (X11; Ubuntu; Linux i686; rv:17.0) Gecko/20100101 Firefox/17.0): ?p=10&q=%27a+list+-%3E+%27b+list
Jun  8 01:14:25: access: connection for localhost from ::1 (Mozilla/5.0 (X11; Ubuntu; Linux i686; rv:17.0) Gecko/20100101 Firefox/17.0): ?p=11&q=%27a+list+-%3E+%27b+list
Jun  8 01:14:31: access: connection for localhost from ::1 (Mozilla/5.0 (X11; Ubuntu; Linux i686; rv:17.0) Gecko/20100101 Firefox/17.0): ?p=12&q=%27a+list+-%3E+%27b+list
Jun  8 01:14:49: access: connection for localhost from ::1 (Mozilla/5.0 (X11; Ubuntu; Linux i686; rv:17.0) Gecko/20100101 Firefox/17.0): ?p=13&q=%27a+list+-%3E+%27b+list
Jun  8 01:15:02: access: connection for localhost from ::1 (Mozilla/5.0 (X11; Ubuntu; Linux i686; rv:17.0) Gecko/20100101 Firefox/17.0): ?p=14&q=%27a+list+-%3E+%27b+list
Jun  8 01:15:05: access: connection for localhost from ::1 (Mozilla/5.0 (X11; Ubuntu; Linux i686; rv:17.0) Gecko/20100101 Firefox/17.0): ?p=15&q=%27a+list+-%3E+%27b+list
Jun  8 01:15:52: access: connection for localhost from ::1 (Mozilla/5.0 (X11; Ubuntu; Linux i686; rv:17.0) Gecko/20100101 Firefox/17.0): ?p=16&q=%27a+list+-%3E+%27b+list
Jun  8 01:15:58: access: connection for localhost from ::1 (Mozilla/5.0 (X11; Ubuntu; Linux i686; rv:17.0) Gecko/20100101 Firefox/17.0): ?p=17&q=%27a+list+-%3E+%27b+list
Jun  8 01:16:08: access: connection for localhost from ::1 (Mozilla/5.0 (X11; Ubuntu; Linux i686; rv:17.0) Gecko/20100101 Firefox/17.0): ?p=18&q=%27a+list+-%3E+%27b+list
Jun  8 01:16:10: access: connection for localhost from ::1 (Mozilla/5.0 (X11; Ubuntu; Linux i686; rv:17.0) Gecko/20100101 Firefox/17.0): ?p=19&q=%27a+list+-%3E+%27b+list
Jun  8 01:16:13: access: connection for localhost from ::1 (Mozilla/5.0 (X11; Ubuntu; Linux i686; rv:17.0) Gecko/20100101 Firefox/17.0): ?p=20&q=%27a+list+-%3E+%27b+list
Jun  8 01:16:15: access: connection for localhost from ::1 (Mozilla/5.0 (X11; Ubuntu; Linux i686; rv:17.0) Gecko/20100101 Firefox/17.0): ?p=21&q=%27a+list+-%3E+%27b+list
Jun  8 01:16:18: access: connection for localhost from ::1 (Mozilla/5.0 (X11; Ubuntu; Linux i686; rv:17.0) Gecko/20100101 Firefox/17.0): ?p=22&q=%27a+list+-%3E+%27b+list
Jun  8 01:16:21: access: connection for localhost from ::1 (Mozilla/5.0 (X11; Ubuntu; Linux i686; rv:17.0) Gecko/20100101 Firefox/17.0): ?p=23&q=%27a+list+-%3E+%27b+list
Jun  8 01:16:26: access: connection for localhost from ::1 (Mozilla/5.0 (X11; Ubuntu; Linux i686; rv:17.0) Gecko/20100101 Firefox/17.0): ?p=24&q=%27a+list+-%3E+%27b+list
Jun  8 01:16:35: access: connection for localhost from ::1 (Mozilla/5.0 (X11; Ubuntu; Linux i686; rv:17.0) Gecko/20100101 Firefox/17.0): ?p=25&q=%27a+list+-%3E+%27b+list
Jun  8 01:16:44: access: connection for localhost from ::1 (Mozilla/5.0 (X11; Ubuntu; Linux i686; rv:17.0) Gecko/20100101 Firefox/17.0): ?p=26&q=%27a+list+-%3E+%27b+list
Jun  8 01:17:00: access: connection for localhost from ::1 (Mozilla/5.0 (X11; Ubuntu; Linux i686; rv:17.0) Gecko/20100101 Firefox/17.0): ?p=27&q=%27a+list+-%3E+%27b+list
Jun  8 01:17:03: access: connection for localhost from ::1 (Mozilla/5.0 (X11; Ubuntu; Linux i686; rv:17.0) Gecko/20100101 Firefox/17.0): ?p=28&q=%27a+list+-%3E+%27b+list
Jun  8 01:17:29: access: connection for localhost from ::1 (Mozilla/5.0 (X11; Ubuntu; Linux i686; rv:17.0) Gecko/20100101 Firefox/17.0): ?p=29&q=%27a+list+-%3E+%27b+list
Jun  8 01:17:32: access: connection for localhost from ::1 (Mozilla/5.0 (X11; Ubuntu; Linux i686; rv:17.0) Gecko/20100101 Firefox/17.0): ?p=30&q=%27a+list+-%3E+%27b+list
Jun  8 01:17:34: access: connection for localhost from ::1 (Mozilla/5.0 (X11; Ubuntu; Linux i686; rv:17.0) Gecko/20100101 Firefox/17.0): ?p=31&q=%27a+list+-%3E+%27b+list
Jun  8 01:20:48: access: connection for localhost from ::1 (Mozilla/5.0 (X11; Ubuntu; Linux i686; rv:17.0) Gecko/20100101 Firefox/17.0): ?p=31&q=%27a+list+-%3E+%27b+list
Jun  8 01:20:48: access: connection for localhost from ::1 (Mozilla/5.0 (X11; Ubuntu; Linux i686; rv:17.0) Gecko/20100101 Firefox/17.0): css/style.css
Jun  8 01:20:48: access: connection for localhost from ::1 (Mozilla/5.0 (X11; Ubuntu; Linux i686; rv:17.0) Gecko/20100101 Firefox/17.0): images/kono-rorikon-domome.svg
Jun  8 01:20:48: access: connection for localhost from ::1 (Mozilla/5.0 (X11; Ubuntu; Linux i686; rv:17.0) Gecko/20100101 Firefox/17.0): favicon.ico
Jun  8 01:20:48: access: connection for localhost from ::1 (Mozilla/5.0 (X11; Ubuntu; Linux i686; rv:17.0) Gecko/20100101 Firefox/17.0): favicon.ico
Jun  8 01:21:08: access: connection for localhost from ::1 (Mozilla/5.0 (X11; Ubuntu; Linux i686; rv:17.0) Gecko/20100101 Firefox/17.0): ?p=31&q=%27a+list+-%3E+%27b+list
Jun  8 01:21:09: access: connection for localhost from ::1 (Mozilla/5.0 (X11; Ubuntu; Linux i686; rv:17.0) Gecko/20100101 Firefox/17.0): css/style.css
Jun  8 01:21:09: access: connection for localhost from ::1 (Mozilla/5.0 (X11; Ubuntu; Linux i686; rv:17.0) Gecko/20100101 Firefox/17.0): images/kono-rorikon-domome.svg
Jun  8 01:21:13: access: connection for localhost from ::1 (Mozilla/5.0 (X11; Ubuntu; Linux i686; rv:17.0) Gecko/20100101 Firefox/17.0): ?p=33&q=%27a+list+-%3E+%27b+list
Jun  8 01:21:17: access: connection for localhost from ::1 (Mozilla/5.0 (X11; Ubuntu; Linux i686; rv:17.0) Gecko/20100101 Firefox/17.0): ?p=36&q=%27a+list+-%3E+%27b+list
Jun  8 01:21:24: access: connection for localhost from ::1 (Mozilla/5.0 (X11; Ubuntu; Linux i686; rv:17.0) Gecko/20100101 Firefox/17.0): ?p=40&q=%27a+list+-%3E+%27b+list
Jun  8 01:21:37: access: connection for localhost from ::1 (Mozilla/5.0 (X11; Ubuntu; Linux i686; rv:17.0) Gecko/20100101 Firefox/17.0): 
Jun  8 01:21:39: access: connection for localhost from ::1 (Mozilla/5.0 (X11; Ubuntu; Linux i686; rv:17.0) Gecko/20100101 Firefox/17.0): ?q=float+%3A+_
Jun  8 01:21:41: access: connection for localhost from ::1 (Mozilla/5.0 (X11; Ubuntu; Linux i686; rv:17.0) Gecko/20100101 Firefox/17.0): 
Jun  8 01:21:45: access: connection for localhost from ::1 (Mozilla/5.0 (X11; Ubuntu; Linux i686; rv:17.0) Gecko/20100101 Firefox/17.0): packages
Jun  8 01:22:10: access: connection for localhost from ::1 (Mozilla/5.0 (X11; Ubuntu; Linux i686; rv:17.0) Gecko/20100101 Firefox/17.0): ?q=string+list+-%3E+string
Jun  8 02:08:15: access: connection for localhost from ::1 (Mozilla/5.0 (X11; Ubuntu; Linux i686; rv:17.0) Gecko/20100101 Firefox/17.0): ?q=string+list+-%3E+string
Jun  8 02:08:15: access: connection for localhost from ::1 (Mozilla/5.0 (X11; Ubuntu; Linux i686; rv:17.0) Gecko/20100101 Firefox/17.0): css/style.css
Jun  8 02:08:15: access: connection for localhost from ::1 (Mozilla/5.0 (X11; Ubuntu; Linux i686; rv:17.0) Gecko/20100101 Firefox/17.0): images/kono-rorikon-domome.svg
Jun 29 05:00:29: access: connection for localhost from ::1 (Mozilla/5.0 (X11; Ubuntu; Linux i686; rv:17.0) Gecko/20100101 Firefox/17.0): 
Jun 29 05:00:30: access: connection for localhost from ::1 (Mozilla/5.0 (X11; Ubuntu; Linux i686; rv:17.0) Gecko/20100101 Firefox/17.0): css/style.css
Jun 29 05:00:30: access: connection for localhost from ::1 (Mozilla/5.0 (X11; Ubuntu; Linux i686; rv:17.0) Gecko/20100101 Firefox/17.0): images/kono-rorikon-domome.svg
Jun 29 05:00:31: access: connection for localhost from ::1 (Mozilla/5.0 (X11; Ubuntu; Linux i686; rv:17.0) Gecko/20100101 Firefox/17.0): ?q=%27a+list+-%3E+%27b+list
Jun 29 05:00:56: access: connection for localhost from ::1 (Mozilla/5.0 (X11; Ubuntu; Linux i686; rv:17.0) Gecko/20100101 Firefox/17.0): ?p=2&q=%27a+list+-%3E+%27b+list
Jun 29 05:01:00: access: connection for localhost from ::1 (Mozilla/5.0 (X11; Ubuntu; Linux i686; rv:17.0) Gecko/20100101 Firefox/17.0): ?p=3&q=%27a+list+-%3E+%27b+list
Jun 29 05:01:06: access: connection for localhost from ::1 (Mozilla/5.0 (X11; Ubuntu; Linux i686; rv:17.0) Gecko/20100101 Firefox/17.0): ?p=4&q=%27a+list+-%3E+%27b+list
Jun 29 05:01:15: access: connection for localhost from ::1 (Mozilla/5.0 (X11; Ubuntu; Linux i686; rv:17.0) Gecko/20100101 Firefox/17.0): ?p=5&q=%27a+list+-%3E+%27b+list
Jun 29 05:01:29: access: connection for localhost from ::1 (Mozilla/5.0 (X11; Ubuntu; Linux i686; rv:17.0) Gecko/20100101 Firefox/17.0): ?p=6&q=%27a+list+-%3E+%27b+list
Jun 29 05:01:37: access: connection for localhost from ::1 (Mozilla/5.0 (X11; Ubuntu; Linux i686; rv:17.0) Gecko/20100101 Firefox/17.0): ?p=7&q=%27a+list+-%3E+%27b+list
Jun 29 05:02:44: access: connection for localhost from ::1 (Mozilla/5.0 (X11; Ubuntu; Linux i686; rv:17.0) Gecko/20100101 Firefox/17.0): ?p=7&q=%27a+list+-%3E+%27b+list
Jun 29 05:02:44: access: connection for localhost from ::1 (Mozilla/5.0 (X11; Ubuntu; Linux i686; rv:17.0) Gecko/20100101 Firefox/17.0): css/style.css
Jun 29 05:02:44: access: connection for localhost from ::1 (Mozilla/5.0 (X11; Ubuntu; Linux i686; rv:17.0) Gecko/20100101 Firefox/17.0): images/kono-rorikon-domome.svg
Jun 29 05:03:04: access: connection for localhost from ::1 (Mozilla/5.0 (X11; Ubuntu; Linux i686; rv:17.0) Gecko/20100101 Firefox/17.0): ?p=7&q=%27a+list+-%3E+%27b+list
Jun 29 05:03:04: access: connection for localhost from ::1 (Mozilla/5.0 (X11; Ubuntu; Linux i686; rv:17.0) Gecko/20100101 Firefox/17.0): css/style.css
Jun 29 05:03:04: access: connection for localhost from ::1 (Mozilla/5.0 (X11; Ubuntu; Linux i686; rv:17.0) Gecko/20100101 Firefox/17.0): images/kono-rorikon-domome.svg
Jun 29 05:03:15: access: connection for localhost from ::1 (Mozilla/5.0 (X11; Ubuntu; Linux i686; rv:17.0) Gecko/20100101 Firefox/17.0): ?p=2&q=%27a+list+-%3E+%27b+list
Jun 29 05:03:15: access: connection for localhost from ::1 (Mozilla/5.0 (X11; Ubuntu; Linux i686; rv:17.0) Gecko/20100101 Firefox/17.0): css/style.css
Jun 29 05:03:22: access: connection for localhost from ::1 (Mozilla/5.0 (X11; Ubuntu; Linux i686; rv:17.0) Gecko/20100101 Firefox/17.0): ?p=9&q=%27a+list+-%3E+%27b+list
Jun 29 05:03:22: access: connection for localhost from ::1 (Mozilla/5.0 (X11; Ubuntu; Linux i686; rv:17.0) Gecko/20100101 Firefox/17.0): css/style.css
Jun 29 05:03:23: access: connection for localhost from ::1 (Mozilla/5.0 (X11; Ubuntu; Linux i686; rv:17.0) Gecko/20100101 Firefox/17.0): 
Jun 29 05:03:25: access: connection for localhost from ::1 (Mozilla/5.0 (X11; Ubuntu; Linux i686; rv:17.0) Gecko/20100101 Firefox/17.0): ?q=%28%2B%29
Jun 29 05:03:25: access: connection for localhost from ::1 (Mozilla/5.0 (X11; Ubuntu; Linux i686; rv:17.0) Gecko/20100101 Firefox/17.0): css/style.css
Jun 29 05:03:34: access: connection for localhost from ::1 (Mozilla/5.0 (X11; Ubuntu; Linux i686; rv:17.0) Gecko/20100101 Firefox/17.0): ?p=2&q=%28%2B%29
Jun 29 05:03:34: access: connection for localhost from ::1 (Mozilla/5.0 (X11; Ubuntu; Linux i686; rv:17.0) Gecko/20100101 Firefox/17.0): css/style.css
Jun 29 05:03:38: access: connection for localhost from ::1 (Mozilla/5.0 (X11; Ubuntu; Linux i686; rv:17.0) Gecko/20100101 Firefox/17.0): 
Jun 29 05:03:38: access: connection for localhost from ::1 (Mozilla/5.0 (X11; Ubuntu; Linux i686; rv:17.0) Gecko/20100101 Firefox/17.0): css/style.css
Jun 29 05:03:40: access: connection for localhost from ::1 (Mozilla/5.0 (X11; Ubuntu; Linux i686; rv:17.0) Gecko/20100101 Firefox/17.0): ?q=%28_%29+%3A+_
Jun 29 05:04:12: access: connection for localhost from ::1 (Mozilla/5.0 (X11; Ubuntu; Linux i686; rv:17.0) Gecko/20100101 Firefox/17.0): ?p=2&q=%28_%29+%3A+_
Jun 29 05:04:12: access: connection for localhost from ::1 (Mozilla/5.0 (X11; Ubuntu; Linux i686; rv:17.0) Gecko/20100101 Firefox/17.0): css/style.css
Jun 29 05:04:30: access: connection for localhost from ::1 (Mozilla/5.0 (X11; Ubuntu; Linux i686; rv:17.0) Gecko/20100101 Firefox/17.0): ?q=concat
Jun 29 05:04:31: access: connection for localhost from ::1 (Mozilla/5.0 (X11; Ubuntu; Linux i686; rv:17.0) Gecko/20100101 Firefox/17.0): css/style.css
Jun 29 05:04:40: access: connection for localhost from ::1 (Mozilla/5.0 (X11; Ubuntu; Linux i686; rv:17.0) Gecko/20100101 Firefox/17.0): ?q=string+list+-%3E+string
Jun 29 05:04:52: access: connection for localhost from ::1 (Mozilla/5.0 (X11; Ubuntu; Linux i686; rv:17.0) Gecko/20100101 Firefox/17.0): ?p=2&q=string+list+-%3E+string
Jun 29 05:04:55: access: connection for localhost from ::1 (Mozilla/5.0 (X11; Ubuntu; Linux i686; rv:17.0) Gecko/20100101 Firefox/17.0): css/style.css
Jun 29 05:10:51: access: connection for localhost from ::1 (Mozilla/5.0 (X11; Ubuntu; Linux i686; rv:17.0) Gecko/20100101 Firefox/17.0): ?p=1&q=string+list+-%3E+string
Jun 29 05:10:53: access: connection for localhost from ::1 (Mozilla/5.0 (X11; Ubuntu; Linux i686; rv:17.0) Gecko/20100101 Firefox/17.0): css/style.css
Jun 29 05:11:00: access: connection for localhost from ::1 (Mozilla/5.0 (X11; Ubuntu; Linux i686; rv:17.0) Gecko/20100101 Firefox/17.0): ?q=list
Jun 29 05:13:09: access: connection for localhost from ::1 (Mozilla/5.0 (X11; Ubuntu; Linux i686; rv:17.0) Gecko/20100101 Firefox/17.0): ?p=2&q=list
Jun 29 05:13:09: access: connection for localhost from ::1 (Mozilla/5.0 (X11; Ubuntu; Linux i686; rv:17.0) Gecko/20100101 Firefox/17.0): css/style.css
Jun 29 05:13:23: access: connection for localhost from ::1 (Mozilla/5.0 (X11; Ubuntu; Linux i686; rv:17.0) Gecko/20100101 Firefox/17.0): ?p=3&q=list
Jun 29 05:13:27: access: connection for localhost from ::1 (Mozilla/5.0 (X11; Ubuntu; Linux i686; rv:17.0) Gecko/20100101 Firefox/17.0): ?p=4&q=list
Jun 29 05:13:35: access: connection for localhost from ::1 (Mozilla/5.0 (X11; Ubuntu; Linux i686; rv:17.0) Gecko/20100101 Firefox/17.0): ?p=5&q=list
Jun 29 05:13:58: access: connection for localhost from ::1 (Mozilla/5.0 (X11; Ubuntu; Linux i686; rv:17.0) Gecko/20100101 Firefox/17.0): ?p=6&q=list
Jun 29 05:14:12: access: connection for localhost from ::1 (Mozilla/5.0 (X11; Ubuntu; Linux i686; rv:17.0) Gecko/20100101 Firefox/17.0): ?p=7&q=list
Jun 29 05:14:13: access: connection for localhost from ::1 (Mozilla/5.0 (X11; Ubuntu; Linux i686; rv:17.0) Gecko/20100101 Firefox/17.0): css/style.css
Jul  5 08:57:48: access: connection for localhost from ::1 (Mozilla/5.0 (X11; Ubuntu; Linux i686; rv:17.0) Gecko/20100101 Firefox/17.0): 
Jul  5 08:57:48: access: connection for localhost from ::1 (Mozilla/5.0 (X11; Ubuntu; Linux i686; rv:17.0) Gecko/20100101 Firefox/17.0): css/style.css
Jul  5 08:57:48: access: connection for localhost from ::1 (Mozilla/5.0 (X11; Ubuntu; Linux i686; rv:17.0) Gecko/20100101 Firefox/17.0): images/logo.svg
Jul  5 08:57:53: access: connection for localhost from ::1 (Mozilla/5.0 (X11; Ubuntu; Linux i686; rv:17.0) Gecko/20100101 Firefox/17.0): packages
Jul  5 08:58:36: access: connection for localhost from ::1 (Mozilla/5.0 (X11; Ubuntu; Linux i686; rv:17.0) Gecko/20100101 Firefox/17.0): 
Jul  5 08:58:36: access: connection for localhost from ::1 (Mozilla/5.0 (X11; Ubuntu; Linux i686; rv:17.0) Gecko/20100101 Firefox/17.0): css/style.css
Jul  5 08:58:36: access: connection for localhost from ::1 (Mozilla/5.0 (X11; Ubuntu; Linux i686; rv:17.0) Gecko/20100101 Firefox/17.0): images/logo.svg
Jul  5 08:58:42: access: connection for localhost from ::1 (Mozilla/5.0 (X11; Ubuntu; Linux i686; rv:17.0) Gecko/20100101 Firefox/17.0): packages
Jul  5 09:00:41: access: connection for localhost from ::1 (Mozilla/5.0 (X11; Ubuntu; Linux i686; rv:17.0) Gecko/20100101 Firefox/17.0): 
Jul  5 09:00:46: access: connection for localhost from ::1 (Mozilla/5.0 (X11; Ubuntu; Linux i686; rv:17.0) Gecko/20100101 Firefox/17.0): packages
Jul  5 09:03:57: access: connection for localhost from ::1 (Mozilla/5.0 (X11; Ubuntu; Linux i686; rv:17.0) Gecko/20100101 Firefox/17.0): 
Jul  5 09:03:59: access: connection for localhost from ::1 (Mozilla/5.0 (X11; Ubuntu; Linux i686; rv:17.0) Gecko/20100101 Firefox/17.0): 
Jul  5 09:03:59: access: connection for localhost from ::1 (Mozilla/5.0 (X11; Ubuntu; Linux i686; rv:17.0) Gecko/20100101 Firefox/17.0): css/style.css
Jul  5 09:03:59: access: connection for localhost from ::1 (Mozilla/5.0 (X11; Ubuntu; Linux i686; rv:17.0) Gecko/20100101 Firefox/17.0): images/logo.svg
Jul  5 09:04:32: access: connection for localhost from ::1 (Mozilla/5.0 (X11; Ubuntu; Linux i686; rv:17.0) Gecko/20100101 Firefox/17.0): 
Jul  5 09:04:32: access: connection for localhost from ::1 (Mozilla/5.0 (X11; Ubuntu; Linux i686; rv:17.0) Gecko/20100101 Firefox/17.0): images/logo.svg
Jul  5 09:04:32: access: connection for localhost from ::1 (Mozilla/5.0 (X11; Ubuntu; Linux i686; rv:17.0) Gecko/20100101 Firefox/17.0): 
Jul  5 09:04:32: access: connection for localhost from ::1 (Mozilla/5.0 (X11; Ubuntu; Linux i686; rv:17.0) Gecko/20100101 Firefox/17.0): css/style.css
Jul  5 09:04:32: access: connection for localhost from ::1 (Mozilla/5.0 (X11; Ubuntu; Linux i686; rv:17.0) Gecko/20100101 Firefox/17.0): images/logo.svg
Jul  5 09:04:33: access: connection for localhost from ::1 (Mozilla/5.0 (X11; Ubuntu; Linux i686; rv:17.0) Gecko/20100101 Firefox/17.0): 
Jul  5 09:04:33: access: connection for localhost from ::1 (Mozilla/5.0 (X11; Ubuntu; Linux i686; rv:17.0) Gecko/20100101 Firefox/17.0): css/style.css
Jul  5 09:04:33: access: connection for localhost from ::1 (Mozilla/5.0 (X11; Ubuntu; Linux i686; rv:17.0) Gecko/20100101 Firefox/17.0): images/logo.svg
Jul  5 09:04:39: access: connection for localhost from ::1 (Mozilla/5.0 (X11; Ubuntu; Linux i686; rv:17.0) Gecko/20100101 Firefox/17.0): ?q=string+list+-%3E+string
Jul  5 09:04:40: access: connection for localhost from ::1 (Mozilla/5.0 (X11; Ubuntu; Linux i686; rv:17.0) Gecko/20100101 Firefox/17.0): css/style.css
Jul  5 09:04:46: access: connection for localhost from ::1 (Mozilla/5.0 (X11; Ubuntu; Linux i686; rv:17.0) Gecko/20100101 Firefox/17.0): ?q=string+list+-%3E+string
Jul  5 09:04:46: access: connection for localhost from ::1 (Mozilla/5.0 (X11; Ubuntu; Linux i686; rv:17.0) Gecko/20100101 Firefox/17.0): css/style.css
Jul  5 09:04:46: access: connection for localhost from ::1 (Mozilla/5.0 (X11; Ubuntu; Linux i686; rv:17.0) Gecko/20100101 Firefox/17.0): images/logo.svg
Jul  5 09:04:56: access: connection for localhost from ::1 (Mozilla/5.0 (X11; Ubuntu; Linux i686; rv:17.0) Gecko/20100101 Firefox/17.0): ?q=string+list+-%3E+string
Jul  5 09:04:56: access: connection for localhost from ::1 (Mozilla/5.0 (X11; Ubuntu; Linux i686; rv:17.0) Gecko/20100101 Firefox/17.0): css/style.css
Jul  5 09:04:56: access: connection for localhost from ::1 (Mozilla/5.0 (X11; Ubuntu; Linux i686; rv:17.0) Gecko/20100101 Firefox/17.0): images/logo.svg
Jul  5 09:05:41: access: connection for localhost from ::1 (Mozilla/5.0 (X11; Ubuntu; Linux i686; rv:17.0) Gecko/20100101 Firefox/17.0): 
Jul  5 09:05:41: access: connection for localhost from ::1 (Mozilla/5.0 (X11; Ubuntu; Linux i686; rv:17.0) Gecko/20100101 Firefox/17.0): css/style.css
Jul  5 09:05:41: access: connection for localhost from ::1 (Mozilla/5.0 (X11; Ubuntu; Linux i686; rv:17.0) Gecko/20100101 Firefox/17.0): images/logo.svg
Jul  5 09:05:41: access: connection for localhost from ::1 (Mozilla/5.0 (X11; Ubuntu; Linux i686; rv:17.0) Gecko/20100101 Firefox/17.0): 
Jul  5 09:05:41: access: connection for localhost from ::1 (Mozilla/5.0 (X11; Ubuntu; Linux i686; rv:17.0) Gecko/20100101 Firefox/17.0): css/style.css
Jul  5 09:05:41: access: connection for localhost from ::1 (Mozilla/5.0 (X11; Ubuntu; Linux i686; rv:17.0) Gecko/20100101 Firefox/17.0): images/logo.svg
Jul  5 09:05:43: access: connection for localhost from ::1 (Mozilla/5.0 (X11; Ubuntu; Linux i686; rv:17.0) Gecko/20100101 Firefox/17.0): 
Jul  5 09:05:43: access: connection for localhost from ::1 (Mozilla/5.0 (X11; Ubuntu; Linux i686; rv:17.0) Gecko/20100101 Firefox/17.0): css/style.css
Jul  5 09:05:43: access: connection for localhost from ::1 (Mozilla/5.0 (X11; Ubuntu; Linux i686; rv:17.0) Gecko/20100101 Firefox/17.0): images/logo.svg
Jul  5 09:05:44: access: connection for localhost from ::1 (Mozilla/5.0 (X11; Ubuntu; Linux i686; rv:17.0) Gecko/20100101 Firefox/17.0): 
Jul  5 09:05:44: access: connection for localhost from ::1 (Mozilla/5.0 (X11; Ubuntu; Linux i686; rv:17.0) Gecko/20100101 Firefox/17.0): css/style.css
Jul  5 09:05:44: access: connection for localhost from ::1 (Mozilla/5.0 (X11; Ubuntu; Linux i686; rv:17.0) Gecko/20100101 Firefox/17.0): images/logo.svg
Jul  5 09:05:45: access: connection for localhost from ::1 (Mozilla/5.0 (X11; Ubuntu; Linux i686; rv:17.0) Gecko/20100101 Firefox/17.0): 
Jul  5 09:05:45: access: connection for localhost from ::1 (Mozilla/5.0 (X11; Ubuntu; Linux i686; rv:17.0) Gecko/20100101 Firefox/17.0): css/style.css
Jul  5 09:05:45: access: connection for localhost from ::1 (Mozilla/5.0 (X11; Ubuntu; Linux i686; rv:17.0) Gecko/20100101 Firefox/17.0): images/logo.svg
Jul  5 09:06:01: access: connection for localhost from ::1 (Mozilla/5.0 (X11; Ubuntu; Linux i686; rv:17.0) Gecko/20100101 Firefox/17.0): 
Jul  5 09:06:01: access: connection for localhost from ::1 (Mozilla/5.0 (X11; Ubuntu; Linux i686; rv:17.0) Gecko/20100101 Firefox/17.0): css/style.css
Jul  5 09:06:01: access: connection for localhost from ::1 (Mozilla/5.0 (X11; Ubuntu; Linux i686; rv:17.0) Gecko/20100101 Firefox/17.0): images/logo.svg
Jul  5 09:06:09: access: connection for localhost from ::1 (Mozilla/5.0 (X11; Ubuntu; Linux i686; rv:17.0) Gecko/20100101 Firefox/17.0): 
Jul  5 09:06:09: access: connection for localhost from ::1 (Mozilla/5.0 (X11; Ubuntu; Linux i686; rv:17.0) Gecko/20100101 Firefox/17.0): css/style.css
Jul  5 09:06:09: access: connection for localhost from ::1 (Mozilla/5.0 (X11; Ubuntu; Linux i686; rv:17.0) Gecko/20100101 Firefox/17.0): images/logo.svg
Jul  5 09:06:59: access: connection for localhost from ::1 (Mozilla/5.0 (X11; Ubuntu; Linux i686; rv:17.0) Gecko/20100101 Firefox/17.0): 
Jul  5 09:06:59: access: connection for localhost from ::1 (Mozilla/5.0 (X11; Ubuntu; Linux i686; rv:17.0) Gecko/20100101 Firefox/17.0): css/style.css
Jul  5 09:06:59: access: connection for localhost from ::1 (Mozilla/5.0 (X11; Ubuntu; Linux i686; rv:17.0) Gecko/20100101 Firefox/17.0): images/logo.svg
Jul  5 09:07:00: access: connection for localhost from ::1 (Mozilla/5.0 (X11; Ubuntu; Linux i686; rv:17.0) Gecko/20100101 Firefox/17.0): 
Jul  5 09:07:00: access: connection for localhost from ::1 (Mozilla/5.0 (X11; Ubuntu; Linux i686; rv:17.0) Gecko/20100101 Firefox/17.0): css/style.css
Jul  5 09:07:00: access: connection for localhost from ::1 (Mozilla/5.0 (X11; Ubuntu; Linux i686; rv:17.0) Gecko/20100101 Firefox/17.0): images/logo.svg
Jul  5 09:07:16: access: connection for localhost from ::1 (Mozilla/5.0 (X11; Ubuntu; Linux i686; rv:17.0) Gecko/20100101 Firefox/17.0): 
Jul  5 09:07:16: access: connection for localhost from ::1 (Mozilla/5.0 (X11; Ubuntu; Linux i686; rv:17.0) Gecko/20100101 Firefox/17.0): css/style.css
Jul  5 09:07:17: access: connection for localhost from ::1 (Mozilla/5.0 (X11; Ubuntu; Linux i686; rv:17.0) Gecko/20100101 Firefox/17.0): 
Jul  5 09:07:17: access: connection for localhost from ::1 (Mozilla/5.0 (X11; Ubuntu; Linux i686; rv:17.0) Gecko/20100101 Firefox/17.0): css/style.css
Jul  5 09:07:17: access: connection for localhost from ::1 (Mozilla/5.0 (X11; Ubuntu; Linux i686; rv:17.0) Gecko/20100101 Firefox/17.0): images/logo.svg
Jul  5 09:07:20: access: connection for localhost from ::1 (Mozilla/5.0 (X11; Ubuntu; Linux i686; rv:17.0) Gecko/20100101 Firefox/17.0): ?q=string+list+-%3E+string
Jul  5 09:07:21: access: connection for localhost from ::1 (Mozilla/5.0 (X11; Ubuntu; Linux i686; rv:17.0) Gecko/20100101 Firefox/17.0): css/style.css
Jul  5 09:07:36: access: connection for localhost from ::1 (Mozilla/5.0 (X11; Ubuntu; Linux i686; rv:17.0) Gecko/20100101 Firefox/17.0): 
Jul  5 09:07:36: access: connection for localhost from ::1 (Mozilla/5.0 (X11; Ubuntu; Linux i686; rv:17.0) Gecko/20100101 Firefox/17.0): css/style.css
Jul  5 09:07:45: access: connection for localhost from ::1 (Mozilla/5.0 (X11; Ubuntu; Linux i686; rv:17.0) Gecko/20100101 Firefox/17.0): ?q=%7Bstdlib%7D.*
Jul  5 09:07:45: access: connection for localhost from ::1 (Mozilla/5.0 (X11; Ubuntu; Linux i686; rv:17.0) Gecko/20100101 Firefox/17.0): css/style.css
Jul  5 09:07:45: access: connection for localhost from ::1 (Mozilla/5.0 (X11; Ubuntu; Linux i686; rv:17.0) Gecko/20100101 Firefox/17.0): images/logo.svg
Jul  5 09:07:52: access: connection for localhost from ::1 (Mozilla/5.0 (X11; Ubuntu; Linux i686; rv:17.0) Gecko/20100101 Firefox/17.0): ?q=%7Bstdlib%7D._
Jul  5 09:07:52: access: connection for localhost from ::1 (Mozilla/5.0 (X11; Ubuntu; Linux i686; rv:17.0) Gecko/20100101 Firefox/17.0): css/style.css
Jul  5 09:08:03: access: connection for localhost from ::1 (Mozilla/5.0 (X11; Ubuntu; Linux i686; rv:17.0) Gecko/20100101 Firefox/17.0): ?p=2&q=%7Bstdlib%7D._
Jul  5 09:08:04: access: connection for localhost from ::1 (Mozilla/5.0 (X11; Ubuntu; Linux i686; rv:17.0) Gecko/20100101 Firefox/17.0): css/style.css
Jul  5 09:08:13: access: connection for localhost from ::1 (Mozilla/5.0 (X11; Ubuntu; Linux i686; rv:17.0) Gecko/20100101 Firefox/17.0): ?p=3&q=%7Bstdlib%7D._
Jul  5 09:08:13: access: connection for localhost from ::1 (Mozilla/5.0 (X11; Ubuntu; Linux i686; rv:17.0) Gecko/20100101 Firefox/17.0): css/style.css
Jul  5 09:08:24: access: connection for localhost from ::1 (Mozilla/5.0 (X11; Ubuntu; Linux i686; rv:17.0) Gecko/20100101 Firefox/17.0): ?p=2&q=%7Bstdlib%7D._
Jul  5 09:08:24: access: connection for localhost from ::1 (Mozilla/5.0 (X11; Ubuntu; Linux i686; rv:17.0) Gecko/20100101 Firefox/17.0): css/style.css
Jul  5 09:08:24: access: connection for localhost from ::1 (Mozilla/5.0 (X11; Ubuntu; Linux i686; rv:17.0) Gecko/20100101 Firefox/17.0): images/logo.svg
Jul  5 09:08:41: access: connection for localhost from ::1 (Mozilla/5.0 (X11; Ubuntu; Linux i686; rv:17.0) Gecko/20100101 Firefox/17.0): 
Jul  5 09:08:41: access: connection for localhost from ::1 (Mozilla/5.0 (X11; Ubuntu; Linux i686; rv:17.0) Gecko/20100101 Firefox/17.0): css/style.css
Jul  5 09:08:43: access: connection for localhost from ::1 (Mozilla/5.0 (X11; Ubuntu; Linux i686; rv:17.0) Gecko/20100101 Firefox/17.0): ?q=%27a+list+-%3E+%27b+list
Jul  5 09:09:01: access: connection for localhost from ::1 (Mozilla/5.0 (X11; Ubuntu; Linux i686; rv:17.0) Gecko/20100101 Firefox/17.0): ?p=10&q=%27a+list+-%3E+%27b+list
Jul  5 09:09:02: access: connection for localhost from ::1 (Mozilla/5.0 (X11; Ubuntu; Linux i686; rv:17.0) Gecko/20100101 Firefox/17.0): css/style.css
Jul  5 09:09:02: access: connection for localhost from ::1 (Mozilla/5.0 (X11; Ubuntu; Linux i686; rv:17.0) Gecko/20100101 Firefox/17.0): images/logo.svg
Jul  5 09:09:11: access: connection for localhost from ::1 (Mozilla/5.0 (X11; Ubuntu; Linux i686; rv:17.0) Gecko/20100101 Firefox/17.0): ?q=concat
Jul  5 09:09:23: access: connection for localhost from ::1 (Mozilla/5.0 (X11; Ubuntu; Linux i686; rv:17.0) Gecko/20100101 Firefox/17.0): ?q=float+%3A+_
Jul  5 09:09:24: access: connection for localhost from ::1 (Mozilla/5.0 (X11; Ubuntu; Linux i686; rv:17.0) Gecko/20100101 Firefox/17.0): css/style.css
Jul  6 21:21:42: access: connection for localhost from ::1 (Mozilla/5.0 (X11; Ubuntu; Linux i686; rv:17.0) Gecko/20100101 Firefox/17.0): 
Jul  6 21:21:42: access: connection for localhost from ::1 (Mozilla/5.0 (X11; Ubuntu; Linux i686; rv:17.0) Gecko/20100101 Firefox/17.0): css/style.css
Jul  6 21:21:42: access: connection for localhost from ::1 (Mozilla/5.0 (X11; Ubuntu; Linux i686; rv:17.0) Gecko/20100101 Firefox/17.0): images/logo.svg
Jul  6 21:21:47: access: connection for localhost from ::1 (Mozilla/5.0 (X11; Ubuntu; Linux i686; rv:17.0) Gecko/20100101 Firefox/17.0): 
Jul  6 21:21:47: access: connection for localhost from ::1 (Mozilla/5.0 (X11; Ubuntu; Linux i686; rv:17.0) Gecko/20100101 Firefox/17.0): css/style.css
Jul  6 21:21:47: access: connection for localhost from ::1 (Mozilla/5.0 (X11; Ubuntu; Linux i686; rv:17.0) Gecko/20100101 Firefox/17.0): images/logo.svg
Jul  6 21:21:52: access: connection for localhost from ::1 (Mozilla/5.0 (X11; Ubuntu; Linux i686; rv:17.0) Gecko/20100101 Firefox/17.0): favicon.ico
Jul  6 21:22:07: access: connection for localhost from ::1 (Mozilla/5.0 (X11; Ubuntu; Linux i686; rv:17.0) Gecko/20100101 Firefox/17.0): images/favicon.ico
Jul  6 21:22:08: access: connection for localhost from ::1 (Mozilla/5.0 (X11; Ubuntu; Linux i686; rv:17.0) Gecko/20100101 Firefox/17.0): images/favicon.ico
Jul  6 21:29:41: access: connection for localhost from ::1 (Mozilla/5.0 (X11; Ubuntu; Linux i686; rv:17.0) Gecko/20100101 Firefox/17.0): images/favicon.ico
Jul  6 21:33:59: access: connection for localhost from ::1 (Mozilla/5.0 (X11; Ubuntu; Linux i686; rv:17.0) Gecko/20100101 Firefox/17.0): favicon.ico
Jul  6 21:34:01: access: connection for localhost from ::1 (Mozilla/5.0 (X11; Ubuntu; Linux i686; rv:17.0) Gecko/20100101 Firefox/17.0): 
Jul  6 21:34:01: access: connection for localhost from ::1 (Mozilla/5.0 (X11; Ubuntu; Linux i686; rv:17.0) Gecko/20100101 Firefox/17.0): css/style.css
Jul  6 21:34:01: access: connection for localhost from ::1 (Mozilla/5.0 (X11; Ubuntu; Linux i686; rv:17.0) Gecko/20100101 Firefox/17.0): images/logo.svg
Jul  6 21:34:01: access: connection for localhost from ::1 (Mozilla/5.0 (X11; Ubuntu; Linux i686; rv:17.0) Gecko/20100101 Firefox/17.0): images/favicon.ico
Jul 12 07:10:43: access: connection for localhost from ::1 (Mozilla/5.0 (X11; Ubuntu; Linux i686; rv:17.0) Gecko/20100101 Firefox/17.0): 
Jul 12 07:10:43: access: connection for localhost from ::1 (Mozilla/5.0 (X11; Ubuntu; Linux i686; rv:17.0) Gecko/20100101 Firefox/17.0): css/style.css
Jul 12 07:10:43: access: connection for localhost from ::1 (Mozilla/5.0 (X11; Ubuntu; Linux i686; rv:17.0) Gecko/20100101 Firefox/17.0): images/logo.svg
Jul 12 07:10:50: access: connection for localhost from ::1 (Mozilla/5.0 (X11; Ubuntu; Linux i686; rv:17.0) Gecko/20100101 Firefox/17.0): packages
Jul 12 07:10:58: access: connection for localhost from ::1 (Mozilla/5.0 (X11; Ubuntu; Linux i686; rv:17.0) Gecko/20100101 Firefox/17.0): package?name=CamlGI
Jul 12 07:11:31: access: connection for localhost from ::1 (Mozilla/5.0 (X11; Ubuntu; Linux i686; rv:17.0) Gecko/20100101 Firefox/17.0): package?name=spotlib
Jul 12 07:11:46: access: connection for localhost from ::1 (Mozilla/5.0 (X11; Ubuntu; Linux i686; rv:17.0) Gecko/20100101 Firefox/17.0): ?q=%27a+list+-%3E+%27b+list
Jul 12 07:11:58: access: connection for localhost from ::1 (Mozilla/5.0 (X11; Ubuntu; Linux i686; rv:17.0) Gecko/20100101 Firefox/17.0): ?q=%7Bspotlib%7D
Jul 12 07:12:02: access: connection for localhost from ::1 (Mozilla/5.0 (X11; Ubuntu; Linux i686; rv:17.0) Gecko/20100101 Firefox/17.0): ?q=%7Bspotlib%7D.*
Jul 13 19:51:07: access: connection for localhost from ::1 (Mozilla/5.0 (X11; Ubuntu; Linux i686; rv:17.0) Gecko/20100101 Firefox/17.0): 
Jul 13 19:51:07: access: connection for localhost from ::1 (Mozilla/5.0 (X11; Ubuntu; Linux i686; rv:17.0) Gecko/20100101 Firefox/17.0): css/style.css
Jul 13 19:51:07: access: connection for localhost from ::1 (Mozilla/5.0 (X11; Ubuntu; Linux i686; rv:17.0) Gecko/20100101 Firefox/17.0): images/logo.svg
Jul 13 19:51:07: access: connection for localhost from ::1 (Mozilla/5.0 (X11; Ubuntu; Linux i686; rv:17.0) Gecko/20100101 Firefox/17.0): images/favicon.ico
Jul 13 19:51:10: access: connection for localhost from ::1 (Mozilla/5.0 (X11; Ubuntu; Linux i686; rv:17.0) Gecko/20100101 Firefox/17.0): packages
Jul 13 19:51:12: access: connection for localhost from ::1 (Mozilla/5.0 (X11; Ubuntu; Linux i686; rv:17.0) Gecko/20100101 Firefox/17.0): package?name=CamlGI
Jul 13 19:51:15: access: connection for localhost from ::1 (Mozilla/5.0 (X11; Ubuntu; Linux i686; rv:17.0) Gecko/20100101 Firefox/17.0): favicon.ico
Jul 13 19:51:16: access: connection for localhost from ::1 (Mozilla/5.0 (X11; Ubuntu; Linux i686; rv:17.0) Gecko/20100101 Firefox/17.0): package?name=deriving-ocsigen
Jul 13 19:51:26: access: connection for localhost from ::1 (Mozilla/5.0 (X11; Ubuntu; Linux i686; rv:17.0) Gecko/20100101 Firefox/17.0): package?name=lablgtk2
Jul 13 20:00:21: access: connection for localhost from ::1 (Mozilla/5.0 (X11; Ubuntu; Linux i686; rv:17.0) Gecko/20100101 Firefox/17.0): package?name=CamlGI
Jul 13 20:00:24: access: connection for localhost from ::1 (Mozilla/5.0 (X11; Ubuntu; Linux i686; rv:17.0) Gecko/20100101 Firefox/17.0): package?name=threads+unix+str
Jul 13 20:00:26: access: connection for localhost from ::1 (Mozilla/5.0 (X11; Ubuntu; Linux i686; rv:17.0) Gecko/20100101 Firefox/17.0): package?name=threads+unix+str
Jul 13 20:00:33: access: connection for localhost from ::1 (Mozilla/5.0 (X11; Ubuntu; Linux i686; rv:17.0) Gecko/20100101 Firefox/17.0): package?name=comparelib
Jul 13 20:00:39: access: connection for localhost from ::1 (Mozilla/5.0 (X11; Ubuntu; Linux i686; rv:17.0) Gecko/20100101 Firefox/17.0): package?name=comparelib
Jul 13 20:00:43: access: connection for localhost from ::1 (Mozilla/5.0 (X11; Ubuntu; Linux i686; rv:17.0) Gecko/20100101 Firefox/17.0): package?name=core
Jul 13 20:00:47: access: connection for localhost from ::1 (Mozilla/5.0 (X11; Ubuntu; Linux i686; rv:17.0) Gecko/20100101 Firefox/17.0): package?name=bin_prot+core_kernel+variantslib+sexplib+fieldslib+bigarray+pa_ounit+res+unix+threads
Jul 13 20:02:07: access: connection for localhost from ::1 (Mozilla/5.0 (X11; Ubuntu; Linux i686; rv:17.0) Gecko/20100101 Firefox/17.0): package?name=core
Jul 13 20:02:07: access: connection for localhost from ::1 (Mozilla/5.0 (X11; Ubuntu; Linux i686; rv:17.0) Gecko/20100101 Firefox/17.0): css/style.css
Jul 13 20:02:07: access: connection for localhost from ::1 (Mozilla/5.0 (X11; Ubuntu; Linux i686; rv:17.0) Gecko/20100101 Firefox/17.0): images/logo.svg
Jul 13 20:02:09: access: connection for localhost from ::1 (Mozilla/5.0 (X11; Ubuntu; Linux i686; rv:17.0) Gecko/20100101 Firefox/17.0): package?name=sexplib
Jul 13 20:02:12: access: connection for localhost from ::1 (Mozilla/5.0 (X11; Ubuntu; Linux i686; rv:17.0) Gecko/20100101 Firefox/17.0): package?name=bin_prot
Jul 13 20:02:15: access: connection for localhost from ::1 (Mozilla/5.0 (X11; Ubuntu; Linux i686; rv:17.0) Gecko/20100101 Firefox/17.0): package?name=res
Jul 13 20:02:19: access: connection for localhost from ::1 (Mozilla/5.0 (X11; Ubuntu; Linux i686; rv:17.0) Gecko/20100101 Firefox/17.0): package?name=unix
Jul 13 20:02:22: access: connection for localhost from ::1 (Mozilla/5.0 (X11; Ubuntu; Linux i686; rv:17.0) Gecko/20100101 Firefox/17.0): package?name=res
Jul 13 20:02:33: access: connection for localhost from ::1 (Mozilla/5.0 (X11; Ubuntu; Linux i686; rv:17.0) Gecko/20100101 Firefox/17.0): package?name=res
Jul 13 20:02:36: access: connection for localhost from ::1 (Mozilla/5.0 (X11; Ubuntu; Linux i686; rv:17.0) Gecko/20100101 Firefox/17.0): package?name=unix
Jul 13 20:02:53: access: connection for localhost from ::1 (Mozilla/5.0 (X11; Ubuntu; Linux i686; rv:17.0) Gecko/20100101 Firefox/17.0): package?name=core
Jul 13 20:02:53: access: connection for localhost from ::1 (Mozilla/5.0 (X11; Ubuntu; Linux i686; rv:17.0) Gecko/20100101 Firefox/17.0): css/style.css
Jul 13 20:02:53: access: connection for localhost from ::1 (Mozilla/5.0 (X11; Ubuntu; Linux i686; rv:17.0) Gecko/20100101 Firefox/17.0): images/logo.svg
Jul 13 20:02:56: access: connection for localhost from ::1 (Mozilla/5.0 (X11; Ubuntu; Linux i686; rv:17.0) Gecko/20100101 Firefox/17.0): package?name=bigarray
Jul 13 20:02:58: access: connection for localhost from ::1 (Mozilla/5.0 (X11; Ubuntu; Linux i686; rv:17.0) Gecko/20100101 Firefox/17.0): package?name=bigarray
Jul 13 20:03:00: access: connection for localhost from ::1 (Mozilla/5.0 (X11; Ubuntu; Linux i686; rv:17.0) Gecko/20100101 Firefox/17.0): package?name=unix
Jul 13 20:03:04: access: connection for localhost from ::1 (Mozilla/5.0 (X11; Ubuntu; Linux i686; rv:17.0) Gecko/20100101 Firefox/17.0): package?name=unix
Jul 13 20:05:00: access: connection for localhost from ::1 (Mozilla/5.0 (X11; Ubuntu; Linux i686; rv:17.0) Gecko/20100101 Firefox/17.0): package?name=fieldslib
Jul 13 20:05:03: access: connection for localhost from ::1 (Mozilla/5.0 (X11; Ubuntu; Linux i686; rv:17.0) Gecko/20100101 Firefox/17.0): package?name=bin_prot
Jul 13 20:06:52: access: connection for localhost from ::1 (Mozilla/5.0 (X11; Ubuntu; Linux i686; rv:17.0) Gecko/20100101 Firefox/17.0): package?name=core_kernel
Jul 13 20:07:02: access: connection for localhost from ::1 (Mozilla/5.0 (X11; Ubuntu; Linux i686; rv:17.0) Gecko/20100101 Firefox/17.0): package?name=netcgi2
Jul 13 20:07:09: access: connection for localhost from ::1 (Mozilla/5.0 (X11; Ubuntu; Linux i686; rv:17.0) Gecko/20100101 Firefox/17.0): package?name=shell
Jul 13 20:07:14: access: connection for localhost from ::1 (Mozilla/5.0 (X11; Ubuntu; Linux i686; rv:17.0) Gecko/20100101 Firefox/17.0): package?name=shell
Jul 13 20:07:18: access: connection for localhost from ::1 (Mozilla/5.0 (X11; Ubuntu; Linux i686; rv:17.0) Gecko/20100101 Firefox/17.0): package?name=tiny_json
Jul 13 20:07:24: access: connection for localhost from ::1 (Mozilla/5.0 (X11; Ubuntu; Linux i686; rv:17.0) Gecko/20100101 Firefox/17.0): package?name=num
Jul 13 20:07:32: access: connection for localhost from ::1 (Mozilla/5.0 (X11; Ubuntu; Linux i686; rv:17.0) Gecko/20100101 Firefox/17.0): package?name=camlp4
Jul 13 20:07:44: access: connection for localhost from ::1 (Mozilla/5.0 (X11; Ubuntu; Linux i686; rv:17.0) Gecko/20100101 Firefox/17.0): package?name=stdlib
Jul 13 20:07:54: access: connection for localhost from ::1 (Mozilla/5.0 (X11; Ubuntu; Linux i686; rv:17.0) Gecko/20100101 Firefox/17.0): package?name=stdlib
Jul 13 20:08:05: access: connection for localhost from ::1 (Mozilla/5.0 (X11; Ubuntu; Linux i686; rv:17.0) Gecko/20100101 Firefox/17.0): package?name=smtp
Jul 14 09:54:08: access: connection for localhost from ::1 (Mozilla/5.0 (X11; Ubuntu; Linux i686; rv:17.0) Gecko/20100101 Firefox/17.0): packages
Jul 14 09:54:09: access: connection for localhost from ::1 (Mozilla/5.0 (X11; Ubuntu; Linux i686; rv:17.0) Gecko/20100101 Firefox/17.0): css/style.css
Jul 14 09:54:09: access: connection for localhost from ::1 (Mozilla/5.0 (X11; Ubuntu; Linux i686; rv:17.0) Gecko/20100101 Firefox/17.0): images/logo.svg
Jul 14 09:54:15: access: connection for localhost from ::1 (Mozilla/5.0 (X11; Ubuntu; Linux i686; rv:17.0) Gecko/20100101 Firefox/17.0): ?q=%27a+list+-%3E+%27b+list
Jul 14 09:54:21: access: connection for localhost from ::1 (Mozilla/5.0 (X11; Ubuntu; Linux i686; rv:17.0) Gecko/20100101 Firefox/17.0): package?name=camlimages.all_formats
Jul 14 09:54:26: access: connection for localhost from ::1 (Mozilla/5.0 (X11; Ubuntu; Linux i686; rv:17.0) Gecko/20100101 Firefox/17.0): package?name=camlimages.exif
Jul 14 09:54:29: access: connection for localhost from ::1 (Mozilla/5.0 (X11; Ubuntu; Linux i686; rv:17.0) Gecko/20100101 Firefox/17.0): package?name=batteries
Jul 14 09:54:33: access: connection for localhost from ::1 (Mozilla/5.0 (X11; Ubuntu; Linux i686; rv:17.0) Gecko/20100101 Firefox/17.0): package?name=batteries
Jul 14 09:54:34: access: connection for localhost from ::1 (Mozilla/5.0 (X11; Ubuntu; Linux i686; rv:17.0) Gecko/20100101 Firefox/17.0): package?name=bigarray
Jul 14 09:54:37: access: connection for localhost from ::1 (Mozilla/5.0 (X11; Ubuntu; Linux i686; rv:17.0) Gecko/20100101 Firefox/17.0): package?name=str
Jul 16 01:13:31: access: connection for localhost from ::1 (Mozilla/5.0 (X11; Ubuntu; Linux i686; rv:17.0) Gecko/20100101 Firefox/17.0): 
Jul 16 01:13:31: access: connection for localhost from ::1 (Mozilla/5.0 (X11; Ubuntu; Linux i686; rv:17.0) Gecko/20100101 Firefox/17.0): css/style.css
Jul 16 01:13:31: access: connection for localhost from ::1 (Mozilla/5.0 (X11; Ubuntu; Linux i686; rv:17.0) Gecko/20100101 Firefox/17.0): images/logo.svg
Jul 16 01:13:32: access: connection for localhost from ::1 (Mozilla/5.0 (X11; Ubuntu; Linux i686; rv:17.0) Gecko/20100101 Firefox/17.0): images/favicon.ico
Jul 16 01:13:34: access: connection for localhost from ::1 (Mozilla/5.0 (X11; Ubuntu; Linux i686; rv:17.0) Gecko/20100101 Firefox/17.0): packages
Jul 16 01:13:36: access: connection for localhost from ::1 (Mozilla/5.0 (X11; Ubuntu; Linux i686; rv:17.0) Gecko/20100101 Firefox/17.0): package?name=custom_printf
Jul 16 01:13:40: access: connection for localhost from ::1 (Mozilla/5.0 (X11; Ubuntu; Linux i686; rv:17.0) Gecko/20100101 Firefox/17.0): favicon.ico
Jul 16 01:13:41: access: connection for localhost from ::1 (Mozilla/5.0 (X11; Ubuntu; Linux i686; rv:17.0) Gecko/20100101 Firefox/17.0): package?name=extlib
Jul 16 01:13:46: access: connection for localhost from ::1 (Mozilla/5.0 (X11; Ubuntu; Linux i686; rv:17.0) Gecko/20100101 Firefox/17.0): package?name=equeue-gtk2
Jul 16 01:13:48: access: connection for localhost from ::1 (Mozilla/5.0 (X11; Ubuntu; Linux i686; rv:17.0) Gecko/20100101 Firefox/17.0): package?name=equeue
Jul 16 01:13:49: access: connection for localhost from ::1 (Mozilla/5.0 (X11; Ubuntu; Linux i686; rv:17.0) Gecko/20100101 Firefox/17.0): package?name=netsys
Jul 16 01:13:59: access: connection for localhost from ::1 (Mozilla/5.0 (X11; Ubuntu; Linux i686; rv:17.0) Gecko/20100101 Firefox/17.0): package?name=ocamlgraph
Jul 16 01:15:19: access: connection for localhost from ::1 (Mozilla/5.0 (X11; Ubuntu; Linux i686; rv:17.0) Gecko/20100101 Firefox/17.0): package?name=stdlib
Jul 16 01:21:09: access: connection for localhost from ::1 (Mozilla/5.0 (X11; Ubuntu; Linux i686; rv:17.0) Gecko/20100101 Firefox/17.0): package?name=ocp-opamer
Jul 16 01:21:13: access: connection for localhost from ::1 (Mozilla/5.0 (X11; Ubuntu; Linux i686; rv:17.0) Gecko/20100101 Firefox/17.0): package?name=ocplib-debug
Jul 23 21:28:27: access: connection for localhost from ::1 (Mozilla/5.0 (X11; Ubuntu; Linux i686; rv:17.0) Gecko/20100101 Firefox/17.0): 
Jul 23 21:28:32: access: connection for localhost from ::1 (Mozilla/5.0 (X11; Ubuntu; Linux i686; rv:17.0) Gecko/20100101 Firefox/17.0): css/style.css
Jul 23 21:28:32: access: connection for localhost from ::1 (Mozilla/5.0 (X11; Ubuntu; Linux i686; rv:17.0) Gecko/20100101 Firefox/17.0): images/logo.svg
Jul 23 21:28:32: access: connection for localhost from ::1 (Mozilla/5.0 (X11; Ubuntu; Linux i686; rv:17.0) Gecko/20100101 Firefox/17.0): images/favicon.ico
Jul 23 22:47:23: access: connection for localhost from ::1 (Mozilla/5.0 (X11; Ubuntu; Linux i686; rv:17.0) Gecko/20100101 Firefox/17.0): ?q=%7Bstdlib%7D._
Jul 23 22:47:27: access: connection for localhost from ::1 (Mozilla/5.0 (X11; Ubuntu; Linux i686; rv:17.0) Gecko/20100101 Firefox/17.0): ?q=%7Bstdlib%7D.*
Jul 23 22:47:32: access: connection for localhost from ::1 (Mozilla/5.0 (X11; Ubuntu; Linux i686; rv:17.0) Gecko/20100101 Firefox/17.0): ?q=constr+Ok
Jul 23 22:59:44: access: connection for localhost from ::1 (Mozilla/5.0 (X11; Ubuntu; Linux i686; rv:17.0) Gecko/20100101 Firefox/17.0): ?q=constr+Ok
Jul 23 22:59:44: access: connection for localhost from ::1 (Mozilla/5.0 (X11; Ubuntu; Linux i686; rv:17.0) Gecko/20100101 Firefox/17.0): css/style.css
Jul 23 22:59:44: access: connection for localhost from ::1 (Mozilla/5.0 (X11; Ubuntu; Linux i686; rv:17.0) Gecko/20100101 Firefox/17.0): images/logo.svg
Jul 23 22:59:50: access: connection for localhost from ::1 (Mozilla/5.0 (X11; Ubuntu; Linux i686; rv:17.0) Gecko/20100101 Firefox/17.0): ?p=2&q=constr+Ok
Jul 23 22:59:52: access: connection for localhost from ::1 (Mozilla/5.0 (X11; Ubuntu; Linux i686; rv:17.0) Gecko/20100101 Firefox/17.0): ?p=1&q=constr+Ok
Jul 23 22:59:58: access: connection for localhost from ::1 (Mozilla/5.0 (X11; Ubuntu; Linux i686; rv:17.0) Gecko/20100101 Firefox/17.0): ?q=length
Jul 23 23:00:15: access: connection for localhost from ::1 (Mozilla/5.0 (X11; Ubuntu; Linux i686; rv:17.0) Gecko/20100101 Firefox/17.0): ?p=2&q=length
Jul 23 23:00:22: access: connection for localhost from ::1 (Mozilla/5.0 (X11; Ubuntu; Linux i686; rv:17.0) Gecko/20100101 Firefox/17.0): ?p=3&q=length
Jul 23 23:00:27: access: connection for localhost from ::1 (Mozilla/5.0 (X11; Ubuntu; Linux i686; rv:17.0) Gecko/20100101 Firefox/17.0): ?p=4&q=length
Jul 23 23:00:33: access: connection for localhost from ::1 (Mozilla/5.0 (X11; Ubuntu; Linux i686; rv:17.0) Gecko/20100101 Firefox/17.0): ?p=5&q=length
Jul 23 23:00:38: access: connection for localhost from ::1 (Mozilla/5.0 (X11; Ubuntu; Linux i686; rv:17.0) Gecko/20100101 Firefox/17.0): ?p=6&q=length
Jul 23 23:00:45: access: connection for localhost from ::1 (Mozilla/5.0 (X11; Ubuntu; Linux i686; rv:17.0) Gecko/20100101 Firefox/17.0): ?p=7&q=length
Jul 23 23:00:53: access: connection for localhost from ::1 (Mozilla/5.0 (X11; Ubuntu; Linux i686; rv:17.0) Gecko/20100101 Firefox/17.0): ?p=8&q=length
Jul 23 23:00:59: access: connection for localhost from ::1 (Mozilla/5.0 (X11; Ubuntu; Linux i686; rv:17.0) Gecko/20100101 Firefox/17.0): ?p=9&q=length
Jul 23 23:01:03: access: connection for localhost from ::1 (Mozilla/5.0 (X11; Ubuntu; Linux i686; rv:17.0) Gecko/20100101 Firefox/17.0): ?p=10&q=length
Jul 23 23:01:07: access: connection for localhost from ::1 (Mozilla/5.0 (X11; Ubuntu; Linux i686; rv:17.0) Gecko/20100101 Firefox/17.0): ?p=11&q=length
Jul 23 23:01:11: access: connection for localhost from ::1 (Mozilla/5.0 (X11; Ubuntu; Linux i686; rv:17.0) Gecko/20100101 Firefox/17.0): ?p=12&q=length
Jul 23 23:01:15: access: connection for localhost from ::1 (Mozilla/5.0 (X11; Ubuntu; Linux i686; rv:17.0) Gecko/20100101 Firefox/17.0): ?p=13&q=length
Jul 23 23:01:24: access: connection for localhost from ::1 (Mozilla/5.0 (X11; Ubuntu; Linux i686; rv:17.0) Gecko/20100101 Firefox/17.0): ?q=int+-%3E+int
Jul 23 23:01:31: access: connection for localhost from ::1 (Mozilla/5.0 (X11; Ubuntu; Linux i686; rv:17.0) Gecko/20100101 Firefox/17.0): ?p=2&q=int+-%3E+int
Jul 23 23:01:39: access: connection for localhost from ::1 (Mozilla/5.0 (X11; Ubuntu; Linux i686; rv:17.0) Gecko/20100101 Firefox/17.0): ?p=3&q=int+-%3E+int
Jul 23 23:01:44: access: connection for localhost from ::1 (Mozilla/5.0 (X11; Ubuntu; Linux i686; rv:17.0) Gecko/20100101 Firefox/17.0): ?p=4&q=int+-%3E+int
Jul 23 23:01:56: access: connection for localhost from ::1 (Mozilla/5.0 (X11; Ubuntu; Linux i686; rv:17.0) Gecko/20100101 Firefox/17.0): ?p=5&q=int+-%3E+int
Jul 23 23:02:02: access: connection for localhost from ::1 (Mozilla/5.0 (X11; Ubuntu; Linux i686; rv:17.0) Gecko/20100101 Firefox/17.0): ?p=6&q=int+-%3E+int
Jul 23 23:02:10: access: connection for localhost from ::1 (Mozilla/5.0 (X11; Ubuntu; Linux i686; rv:17.0) Gecko/20100101 Firefox/17.0): ?p=7&q=int+-%3E+int
Jul 23 23:02:14: access: connection for localhost from ::1 (Mozilla/5.0 (X11; Ubuntu; Linux i686; rv:17.0) Gecko/20100101 Firefox/17.0): ?p=8&q=int+-%3E+int
Jul 23 23:02:22: access: connection for localhost from ::1 (Mozilla/5.0 (X11; Ubuntu; Linux i686; rv:17.0) Gecko/20100101 Firefox/17.0): ?p=9&q=int+-%3E+int
Jul 23 23:02:42: access: connection for localhost from ::1 (Mozilla/5.0 (X11; Ubuntu; Linux i686; rv:17.0) Gecko/20100101 Firefox/17.0): 
Jul 23 23:02:44: access: connection for localhost from ::1 (Mozilla/5.0 (X11; Ubuntu; Linux i686; rv:17.0) Gecko/20100101 Firefox/17.0): ?q=%27a+list+-%3E+%27b+list
Jul 23 23:02:53: access: connection for localhost from ::1 (Mozilla/5.0 (X11; Ubuntu; Linux i686; rv:17.0) Gecko/20100101 Firefox/17.0): ?q=concat
Jul 23 23:02:59: access: connection for localhost from ::1 (Mozilla/5.0 (X11; Ubuntu; Linux i686; rv:17.0) Gecko/20100101 Firefox/17.0): ?p=2&q=concat
Jul 23 23:03:18: access: connection for localhost from ::1 (Mozilla/5.0 (X11; Ubuntu; Linux i686; rv:17.0) Gecko/20100101 Firefox/17.0): ?p=3&q=concat
Jul 23 23:09:00: access: connection for localhost from ::1 (Mozilla/5.0 (X11; Ubuntu; Linux i686; rv:17.0) Gecko/20100101 Firefox/17.0): ?p=3&q=concat
Jul 23 23:09:00: access: connection for localhost from ::1 (Mozilla/5.0 (X11; Ubuntu; Linux i686; rv:17.0) Gecko/20100101 Firefox/17.0): css/style.css
Jul 23 23:09:00: access: connection for localhost from ::1 (Mozilla/5.0 (X11; Ubuntu; Linux i686; rv:17.0) Gecko/20100101 Firefox/17.0): images/logo.svg
Jul 23 23:09:04: access: connection for localhost from ::1 (Mozilla/5.0 (X11; Ubuntu; Linux i686; rv:17.0) Gecko/20100101 Firefox/17.0): ?p=3&q=concat
Jul 23 23:09:05: access: connection for localhost from ::1 (Mozilla/5.0 (X11; Ubuntu; Linux i686; rv:17.0) Gecko/20100101 Firefox/17.0): css/style.css
Jul 23 23:09:05: access: connection for localhost from ::1 (Mozilla/5.0 (X11; Ubuntu; Linux i686; rv:17.0) Gecko/20100101 Firefox/17.0): images/logo.svg
Jul 23 23:09:43: access: connection for localhost from ::1 (Mozilla/5.0 (X11; Ubuntu; Linux i686; rv:17.0) Gecko/20100101 Firefox/17.0): ?p=3&q=concat
Jul 23 23:09:43: access: connection for localhost from ::1 (Mozilla/5.0 (X11; Ubuntu; Linux i686; rv:17.0) Gecko/20100101 Firefox/17.0): css/style.css
Jul 23 23:09:43: access: connection for localhost from ::1 (Mozilla/5.0 (X11; Ubuntu; Linux i686; rv:17.0) Gecko/20100101 Firefox/17.0): images/logo.svg
Jul 23 23:09:44: access: connection for localhost from ::1 (Mozilla/5.0 (X11; Ubuntu; Linux i686; rv:17.0) Gecko/20100101 Firefox/17.0): ?p=3&q=concat
Jul 23 23:09:45: access: connection for localhost from ::1 (Mozilla/5.0 (X11; Ubuntu; Linux i686; rv:17.0) Gecko/20100101 Firefox/17.0): css/style.css
Jul 23 23:09:45: access: connection for localhost from ::1 (Mozilla/5.0 (X11; Ubuntu; Linux i686; rv:17.0) Gecko/20100101 Firefox/17.0): images/logo.svg
Jul 23 23:09:46: access: connection for localhost from ::1 (Mozilla/5.0 (X11; Ubuntu; Linux i686; rv:17.0) Gecko/20100101 Firefox/17.0): ?p=3&q=concat
Jul 23 23:09:47: access: connection for localhost from ::1 (Mozilla/5.0 (X11; Ubuntu; Linux i686; rv:17.0) Gecko/20100101 Firefox/17.0): css/style.css
Jul 23 23:09:47: access: connection for localhost from ::1 (Mozilla/5.0 (X11; Ubuntu; Linux i686; rv:17.0) Gecko/20100101 Firefox/17.0): images/logo.svg
Jul 23 23:09:48: access: connection for localhost from ::1 (Mozilla/5.0 (X11; Ubuntu; Linux i686; rv:17.0) Gecko/20100101 Firefox/17.0): ?p=3&q=concat
Jul 23 23:09:49: access: connection for localhost from ::1 (Mozilla/5.0 (X11; Ubuntu; Linux i686; rv:17.0) Gecko/20100101 Firefox/17.0): css/style.css
Jul 23 23:09:49: access: connection for localhost from ::1 (Mozilla/5.0 (X11; Ubuntu; Linux i686; rv:17.0) Gecko/20100101 Firefox/17.0): images/logo.svg
Jul 23 23:10:57: access: connection for localhost from ::1 (Mozilla/5.0 (X11; Ubuntu; Linux i686; rv:17.0) Gecko/20100101 Firefox/17.0): ?p=3&q=concat
Jul 23 23:10:57: access: connection for localhost from ::1 (Mozilla/5.0 (X11; Ubuntu; Linux i686; rv:17.0) Gecko/20100101 Firefox/17.0): css/style.css
Jul 23 23:10:57: access: connection for localhost from ::1 (Mozilla/5.0 (X11; Ubuntu; Linux i686; rv:17.0) Gecko/20100101 Firefox/17.0): images/logo.svg
Jul 23 23:10:59: access: connection for localhost from ::1 (Mozilla/5.0 (X11; Ubuntu; Linux i686; rv:17.0) Gecko/20100101 Firefox/17.0): ?p=3&q=concat
Jul 23 23:11:00: access: connection for localhost from ::1 (Mozilla/5.0 (X11; Ubuntu; Linux i686; rv:17.0) Gecko/20100101 Firefox/17.0): css/style.css
Jul 23 23:11:00: access: connection for localhost from ::1 (Mozilla/5.0 (X11; Ubuntu; Linux i686; rv:17.0) Gecko/20100101 Firefox/17.0): images/logo.svg
Jul 23 23:11:24: access: connection for localhost from ::1 (Mozilla/5.0 (X11; Ubuntu; Linux i686; rv:17.0) Gecko/20100101 Firefox/17.0): ?p=3&q=concat
Jul 23 23:11:24: access: connection for localhost from ::1 (Mozilla/5.0 (X11; Ubuntu; Linux i686; rv:17.0) Gecko/20100101 Firefox/17.0): css/style.css
Jul 23 23:11:24: access: connection for localhost from ::1 (Mozilla/5.0 (X11; Ubuntu; Linux i686; rv:17.0) Gecko/20100101 Firefox/17.0): images/logo.svg
Jul 23 23:26:55: access: connection for localhost from ::1 (Mozilla/5.0 (X11; Ubuntu; Linux i686; rv:17.0) Gecko/20100101 Firefox/17.0): ?p=3&q=concat
Jul 23 23:27:05: access: connection for localhost from ::1 (Mozilla/5.0 (X11; Ubuntu; Linux i686; rv:17.0) Gecko/20100101 Firefox/17.0): css/style.css
Jul 23 23:27:05: access: connection for localhost from ::1 (Mozilla/5.0 (X11; Ubuntu; Linux i686; rv:17.0) Gecko/20100101 Firefox/17.0): images/logo.svg
Aug 24 09:04:14: access: connection for localhost from ::1 (Mozilla/5.0 (X11; Ubuntu; Linux i686; rv:17.0) Gecko/20100101 Firefox/17.0): 
Aug 24 09:04:17: access: connection for localhost from ::1 (Mozilla/5.0 (X11; Ubuntu; Linux i686; rv:17.0) Gecko/20100101 Firefox/17.0): css/style.css
Aug 24 09:04:17: access: connection for localhost from ::1 (Mozilla/5.0 (X11; Ubuntu; Linux i686; rv:17.0) Gecko/20100101 Firefox/17.0): images/logo.svg
Aug 24 09:04:18: access: connection for localhost from ::1 (Mozilla/5.0 (X11; Ubuntu; Linux i686; rv:17.0) Gecko/20100101 Firefox/17.0): images/favicon.ico
Aug 24 09:04:42: access: connection for localhost from ::1 (Mozilla/5.0 (X11; Ubuntu; Linux i686; rv:17.0) Gecko/20100101 Firefox/17.0): ?q=%27a+list+-%3E+%27b+list
Aug 24 09:04:50: access: connection for localhost from ::1 (Mozilla/5.0 (X11; Ubuntu; Linux i686; rv:17.0) Gecko/20100101 Firefox/17.0): package?name=ocamlbuild
Aug 24 09:04:53: access: connection for localhost from ::1 (Mozilla/5.0 (X11; Ubuntu; Linux i686; rv:17.0) Gecko/20100101 Firefox/17.0): package?name=stdlib
Aug 24 09:04:57: access: connection for localhost from ::1 (Mozilla/5.0 (X11; Ubuntu; Linux i686; rv:17.0) Gecko/20100101 Firefox/17.0): package?name=spotlib_js
Aug 24 09:05:03: access: connection for localhost from ::1 (Mozilla/5.0 (X11; Ubuntu; Linux i686; rv:17.0) Gecko/20100101 Firefox/17.0): 
Aug 24 09:05:05: access: connection for localhost from ::1 (Mozilla/5.0 (X11; Ubuntu; Linux i686; rv:17.0) Gecko/20100101 Firefox/17.0): packages
Aug 24 09:05:14: access: connection for localhost from ::1 (Mozilla/5.0 (X11; Ubuntu; Linux i686; rv:17.0) Gecko/20100101 Firefox/17.0): package?name=tiny_json
Aug 24 09:05:36: access: connection for localhost from ::1 (Mozilla/5.0 (X11; Ubuntu; Linux i686; rv:17.0) Gecko/20100101 Firefox/17.0): package?name=threads
Aug 24 09:06:44: access: connection for localhost from ::1 (Mozilla/5.0 (X11; Ubuntu; Linux i686; rv:17.0) Gecko/20100101 Firefox/17.0): package?name=core
Aug 24 11:25:03: access: connection for localhost from ::1 (Mozilla/5.0 (X11; Ubuntu; Linux i686; rv:17.0) Gecko/20100101 Firefox/17.0): package?name=ocamlbuild
Aug 24 11:25:04: access: connection for localhost from ::1 (Mozilla/5.0 (X11; Ubuntu; Linux i686; rv:17.0) Gecko/20100101 Firefox/17.0): css/style.css
Aug 24 11:25:04: access: connection for localhost from ::1 (Mozilla/5.0 (X11; Ubuntu; Linux i686; rv:17.0) Gecko/20100101 Firefox/17.0): images/logo.svg
Aug 24 11:25:20: access: connection for localhost from ::1 (Mozilla/5.0 (X11; Ubuntu; Linux i686; rv:17.0) Gecko/20100101 Firefox/17.0): ?q=map
Aug 24 11:25:32: access: connection for localhost from ::1 (Mozilla/5.0 (X11; Ubuntu; Linux i686; rv:17.0) Gecko/20100101 Firefox/17.0): package?name=core
Aug 24 11:39:37: access: connection for localhost from ::1 (Mozilla/5.0 (X11; Ubuntu; Linux i686; rv:17.0) Gecko/20100101 Firefox/17.0): package?name=core
Aug 24 11:39:37: access: connection for localhost from ::1 (Mozilla/5.0 (X11; Ubuntu; Linux i686; rv:17.0) Gecko/20100101 Firefox/17.0): css/style.css
Aug 24 11:39:37: access: connection for localhost from ::1 (Mozilla/5.0 (X11; Ubuntu; Linux i686; rv:17.0) Gecko/20100101 Firefox/17.0): images/logo.svg
Aug 24 13:58:23: access: connection for localhost from ::1 (Mozilla/5.0 (X11; Ubuntu; Linux i686; rv:17.0) Gecko/20100101 Firefox/17.0): package?name=core
Aug 24 13:58:24: access: connection for localhost from ::1 (Mozilla/5.0 (X11; Ubuntu; Linux i686; rv:17.0) Gecko/20100101 Firefox/17.0): css/style.css
Aug 24 13:58:24: access: connection for localhost from ::1 (Mozilla/5.0 (X11; Ubuntu; Linux i686; rv:17.0) Gecko/20100101 Firefox/17.0): images/logo.svg
Aug 24 14:04:16: access: connection for localhost from ::1 (Mozilla/5.0 (X11; Ubuntu; Linux i686; rv:17.0) Gecko/20100101 Firefox/17.0): package?name=core
Aug 24 14:04:17: access: connection for localhost from ::1 (Mozilla/5.0 (X11; Ubuntu; Linux i686; rv:17.0) Gecko/20100101 Firefox/17.0): css/style.css
Aug 24 14:04:17: access: connection for localhost from ::1 (Mozilla/5.0 (X11; Ubuntu; Linux i686; rv:17.0) Gecko/20100101 Firefox/17.0): images/logo.svg
Aug 24 16:08:59: access: connection for localhost from ::1 (Mozilla/5.0 (X11; Ubuntu; Linux i686; rv:17.0) Gecko/20100101 Firefox/17.0): package?name=core
Aug 24 16:09:00: access: connection for localhost from ::1 (Mozilla/5.0 (X11; Ubuntu; Linux i686; rv:17.0) Gecko/20100101 Firefox/17.0): css/style.css
Aug 24 16:09:00: access: connection for localhost from ::1 (Mozilla/5.0 (X11; Ubuntu; Linux i686; rv:17.0) Gecko/20100101 Firefox/17.0): images/logo.svg
Aug 24 16:09:06: access: connection for localhost from ::1 (Mozilla/5.0 (X11; Ubuntu; Linux i686; rv:17.0) Gecko/20100101 Firefox/17.0): package?name=variantslib
Aug 24 16:09:10: access: connection for localhost from ::1 (Mozilla/5.0 (X11; Ubuntu; Linux i686; rv:17.0) Gecko/20100101 Firefox/17.0): package?name=pa_ounit
Aug 24 16:09:15: access: connection for localhost from ::1 (Mozilla/5.0 (X11; Ubuntu; Linux i686; rv:17.0) Gecko/20100101 Firefox/17.0): package?name=pa_ounit
Aug 24 16:09:17: access: connection for localhost from ::1 (Mozilla/5.0 (X11; Ubuntu; Linux i686; rv:17.0) Gecko/20100101 Firefox/17.0): package?name=oUnit
Aug 24 16:09:23: access: connection for localhost from ::1 (Mozilla/5.0 (X11; Ubuntu; Linux i686; rv:17.0) Gecko/20100101 Firefox/17.0): package?name=core
Aug 24 16:09:25: access: connection for localhost from ::1 (Mozilla/5.0 (X11; Ubuntu; Linux i686; rv:17.0) Gecko/20100101 Firefox/17.0): 
Aug 24 16:09:27: access: connection for localhost from ::1 (Mozilla/5.0 (X11; Ubuntu; Linux i686; rv:17.0) Gecko/20100101 Firefox/17.0): packages
Aug 24 16:09:35: access: connection for localhost from ::1 (Mozilla/5.0 (X11; Ubuntu; Linux i686; rv:17.0) Gecko/20100101 Firefox/17.0): package?name=tumblr
Aug 24 16:09:41: access: connection for localhost from ::1 (Mozilla/5.0 (X11; Ubuntu; Linux i686; rv:17.0) Gecko/20100101 Firefox/17.0): package?name=ocp-subst-config
Aug 24 16:09:52: access: connection for localhost from ::1 (Mozilla/5.0 (X11; Ubuntu; Linux i686; rv:17.0) Gecko/20100101 Firefox/17.0): package?name=CamlGI
Aug 24 16:10:01: access: connection for localhost from ::1 (Mozilla/5.0 (X11; Ubuntu; Linux i686; rv:17.0) Gecko/20100101 Firefox/17.0): ?p=2&q=map
Aug 24 16:10:06: access: connection for localhost from ::1 (Mozilla/5.0 (X11; Ubuntu; Linux i686; rv:17.0) Gecko/20100101 Firefox/17.0): ?p=3&q=map
Aug 24 16:10:16: access: connection for localhost from ::1 (Mozilla/5.0 (X11; Ubuntu; Linux i686; rv:17.0) Gecko/20100101 Firefox/17.0): package?name=core_kernel
Aug 24 16:10:23: access: connection for localhost from ::1 (Mozilla/5.0 (X11; Ubuntu; Linux i686; rv:17.0) Gecko/20100101 Firefox/17.0): ?p=4&q=map
Aug 24 16:10:26: access: connection for localhost from ::1 (Mozilla/5.0 (X11; Ubuntu; Linux i686; rv:17.0) Gecko/20100101 Firefox/17.0): ?p=5&q=map
Aug 24 16:10:31: access: connection for localhost from ::1 (Mozilla/5.0 (X11; Ubuntu; Linux i686; rv:17.0) Gecko/20100101 Firefox/17.0): ?p=6&q=map
Aug 24 16:10:36: access: connection for localhost from ::1 (Mozilla/5.0 (X11; Ubuntu; Linux i686; rv:17.0) Gecko/20100101 Firefox/17.0): ?p=7&q=map
Aug 24 16:10:45: access: connection for localhost from ::1 (Mozilla/5.0 (X11; Ubuntu; Linux i686; rv:17.0) Gecko/20100101 Firefox/17.0): ?q=load
Aug 24 16:10:51: access: connection for localhost from ::1 (Mozilla/5.0 (X11; Ubuntu; Linux i686; rv:17.0) Gecko/20100101 Firefox/17.0): package?name=camlimages.ps
Aug 24 16:11:01: access: connection for localhost from ::1 (Mozilla/5.0 (X11; Ubuntu; Linux i686; rv:17.0) Gecko/20100101 Firefox/17.0): package?name=camlp4.lib
Aug 24 16:11:05: access: connection for localhost from ::1 (Mozilla/5.0 (X11; Ubuntu; Linux i686; rv:17.0) Gecko/20100101 Firefox/17.0): package?name=camlimages.jpeg
Aug 24 16:12:26: access: connection for localhost from ::1 (Mozilla/5.0 (X11; Ubuntu; Linux i686; rv:17.0) Gecko/20100101 Firefox/17.0): ?q=core
Aug 24 16:17:15: access: connection for localhost from ::1 (Mozilla/5.0 (X11; Ubuntu; Linux i686; rv:17.0) Gecko/20100101 Firefox/17.0): ?q=core
Aug 24 16:17:17: access: connection for localhost from ::1 (Mozilla/5.0 (X11; Ubuntu; Linux i686; rv:17.0) Gecko/20100101 Firefox/17.0): css/style.css
Aug 24 16:17:17: access: connection for localhost from ::1 (Mozilla/5.0 (X11; Ubuntu; Linux i686; rv:17.0) Gecko/20100101 Firefox/17.0): images/logo.svg
Aug 24 16:17:27: access: connection for localhost from ::1 (Mozilla/5.0 (X11; Ubuntu; Linux i686; rv:17.0) Gecko/20100101 Firefox/17.0): package?name=core
Aug 24 16:17:30: access: connection for localhost from ::1 (Mozilla/5.0 (X11; Ubuntu; Linux i686; rv:17.0) Gecko/20100101 Firefox/17.0): package?name=bin_prot
Aug 24 16:17:41: access: connection for localhost from ::1 (Mozilla/5.0 (X11; Ubuntu; Linux i686; rv:17.0) Gecko/20100101 Firefox/17.0): package?name=camlimages.jpeg
Aug 24 16:17:44: access: connection for localhost from ::1 (Mozilla/5.0 (X11; Ubuntu; Linux i686; rv:17.0) Gecko/20100101 Firefox/17.0): package?name=camlimages.core
Aug 24 16:39:59: access: connection for localhost from ::1 (Mozilla/5.0 (X11; Ubuntu; Linux i686; rv:17.0) Gecko/20100101 Firefox/17.0): package?name=camlimages.core
Aug 24 16:40:09: access: connection for localhost from ::1 (Mozilla/5.0 (X11; Ubuntu; Linux i686; rv:17.0) Gecko/20100101 Firefox/17.0): 
Aug 24 16:40:10: access: connection for localhost from ::1 (Mozilla/5.0 (X11; Ubuntu; Linux i686; rv:17.0) Gecko/20100101 Firefox/17.0): ?q=concat
Aug 24 16:40:14: access: connection for localhost from ::1 (Mozilla/5.0 (X11; Ubuntu; Linux i686; rv:17.0) Gecko/20100101 Firefox/17.0): package?name=ocamlbuild
