Jun  8 01:13:46: main: Command pipe created
Jun  8 01:13:46: main: Initializing Ocsipersist-dbm...
Jun  8 01:13:46: main: Launching a new Ocsidbm process: /home/jun/.opam/system/lib/ocsigenserver/extensions/ocsidbm.opt on directory local/var/data/oco/ocsipersist.
Jun  8 01:13:47: main: ...Initialization of Ocsipersist-dbm complete
Jun  8 01:13:53: main: While parsing config file, tag <host>: No defaulthostname, assuming it is "vmware"
Jun  8 01:13:53: main: Ocsigen has been launched (initialisations ok)
Jun  8 01:21:05: main: Initializing Ocsipersist-dbm...
Jun  8 01:21:05: main: Launching a new Ocsidbm process: /home/jun/.opam/system/lib/ocsigenserver/extensions/ocsidbm.opt on directory local/var/data/oco/ocsipersist.
Jun  8 01:21:06: main: ...Initialization of Ocsipersist-dbm complete
Jun  8 01:21:07: main: While parsing config file, tag <host>: No defaulthostname, assuming it is "vmware"
Jun  8 01:21:07: main: Ocsigen has been launched (initialisations ok)
Jun  8 02:08:10: main: Initializing Ocsipersist-dbm...
Jun  8 02:08:10: main: Launching a new Ocsidbm process: /home/jun/.opam/system/lib/ocsigenserver/extensions/ocsidbm.opt on directory local/var/data/oco/ocsipersist.
Jun  8 02:08:11: main: ...Initialization of Ocsipersist-dbm complete
Jun  8 02:08:13: main: While parsing config file, tag <host>: No defaulthostname, assuming it is "vmware"
Jun  8 02:08:13: main: Ocsigen has been launched (initialisations ok)
Jun 29 05:00:02: main: Initializing Ocsipersist-dbm...
Jun 29 05:00:02: main: Launching a new Ocsidbm process: /home/jun/.opam/system/lib/ocsigenserver/extensions/ocsidbm.opt on directory local/var/data/oco/ocsipersist.
Jun 29 05:00:03: main: ...Initialization of Ocsipersist-dbm complete
Jun 29 05:00:06: main: While parsing config file, tag <host>: No defaulthostname, assuming it is "vmware"
Jun 29 05:00:06: main: Ocsigen has been launched (initialisations ok)
Jun 29 05:02:40: main: Initializing Ocsipersist-dbm...
Jun 29 05:02:40: main: Launching a new Ocsidbm process: /home/jun/.opam/system/lib/ocsigenserver/extensions/ocsidbm.opt on directory local/var/data/oco/ocsipersist.
Jun 29 05:02:41: main: ...Initialization of Ocsipersist-dbm complete
Jun 29 05:02:42: main: While parsing config file, tag <host>: No defaulthostname, assuming it is "vmware"
Jun 29 05:02:42: main: Ocsigen has been launched (initialisations ok)
Jun 29 05:03:01: main: Initializing Ocsipersist-dbm...
Jun 29 05:03:01: main: Launching a new Ocsidbm process: /home/jun/.opam/system/lib/ocsigenserver/extensions/ocsidbm.opt on directory local/var/data/oco/ocsipersist.
Jun 29 05:03:02: main: ...Initialization of Ocsipersist-dbm complete
Jun 29 05:03:03: main: While parsing config file, tag <host>: No defaulthostname, assuming it is "vmware"
Jun 29 05:03:03: main: Ocsigen has been launched (initialisations ok)
Jul  5 08:57:30: main: Initializing Ocsipersist-dbm...
Jul  5 08:57:30: main: Launching a new Ocsidbm process: /home/jun/.opam/system/lib/ocsigenserver/extensions/ocsidbm.opt on directory local/var/data/oco/ocsipersist.
Jul  5 08:57:31: main: ...Initialization of Ocsipersist-dbm complete
Jul  5 08:57:35: main: While parsing config file, tag <host>: No defaulthostname, assuming it is "vmware"
Jul  5 08:57:35: main: Ocsigen has been launched (initialisations ok)
Jul  5 08:58:31: main: Initializing Ocsipersist-dbm...
Jul  5 08:58:31: main: Launching a new Ocsidbm process: /home/jun/.opam/system/lib/ocsigenserver/extensions/ocsidbm.opt on directory local/var/data/oco/ocsipersist.
Jul  5 08:58:32: main: ...Initialization of Ocsipersist-dbm complete
Jul  5 08:58:33: main: While parsing config file, tag <host>: No defaulthostname, assuming it is "vmware"
Jul  5 08:58:33: main: Ocsigen has been launched (initialisations ok)
Jul  5 09:00:32: main: Initializing Ocsipersist-dbm...
Jul  5 09:00:32: main: Launching a new Ocsidbm process: /home/jun/.opam/system/lib/ocsigenserver/extensions/ocsidbm.opt on directory local/var/data/oco/ocsipersist.
Jul  5 09:00:33: main: ...Initialization of Ocsipersist-dbm complete
Jul  5 09:00:34: main: While parsing config file, tag <host>: No defaulthostname, assuming it is "vmware"
Jul  5 09:00:34: main: Ocsigen has been launched (initialisations ok)
Jul  5 09:03:46: main: Initializing Ocsipersist-dbm...
Jul  5 09:03:46: main: Launching a new Ocsidbm process: /home/jun/.opam/system/lib/ocsigenserver/extensions/ocsidbm.opt on directory local/var/data/oco/ocsipersist.
Jul  5 09:03:47: main: ...Initialization of Ocsipersist-dbm complete
Jul  5 09:03:48: main: While parsing config file, tag <host>: No defaulthostname, assuming it is "vmware"
Jul  5 09:03:48: main: Ocsigen has been launched (initialisations ok)
Jul  5 09:06:55: main: Initializing Ocsipersist-dbm...
Jul  5 09:06:55: main: Launching a new Ocsidbm process: /home/jun/.opam/system/lib/ocsigenserver/extensions/ocsidbm.opt on directory local/var/data/oco/ocsipersist.
Jul  5 09:06:56: main: ...Initialization of Ocsipersist-dbm complete
Jul  5 09:06:57: main: While parsing config file, tag <host>: No defaulthostname, assuming it is "vmware"
Jul  5 09:06:57: main: Ocsigen has been launched (initialisations ok)
Jul  6 21:21:36: main: Initializing Ocsipersist-dbm...
Jul  6 21:21:36: main: Launching a new Ocsidbm process: /home/jun/.opam/system/lib/ocsigenserver/extensions/ocsidbm.opt on directory local/var/data/oco/ocsipersist.
Jul  6 21:21:38: main: ...Initialization of Ocsipersist-dbm complete
Jul  6 21:21:42: main: While parsing config file, tag <host>: No defaulthostname, assuming it is "vmware"
Jul  6 21:21:42: main: Ocsigen has been launched (initialisations ok)
Jul  6 21:29:39: main: Initializing Ocsipersist-dbm...
Jul  6 21:29:39: main: Launching a new Ocsidbm process: /home/jun/.opam/system/lib/ocsigenserver/extensions/ocsidbm.opt on directory local/var/data/oco/ocsipersist.
Jul  6 21:29:40: main: ...Initialization of Ocsipersist-dbm complete
Jul  6 21:29:41: main: While parsing config file, tag <host>: No defaulthostname, assuming it is "vmware"
Jul  6 21:29:41: main: Ocsigen has been launched (initialisations ok)
Jul  6 21:33:53: main: Initializing Ocsipersist-dbm...
Jul  6 21:33:53: main: Launching a new Ocsidbm process: /home/jun/.opam/system/lib/ocsigenserver/extensions/ocsidbm.opt on directory local/var/data/oco/ocsipersist.
Jul  6 21:33:54: main: ...Initialization of Ocsipersist-dbm complete
Jul  6 21:33:55: main: While parsing config file, tag <host>: No defaulthostname, assuming it is "vmware"
Jul  6 21:33:55: main: Ocsigen has been launched (initialisations ok)
Jul 12 07:10:20: main: Initializing Ocsipersist-dbm...
Jul 12 07:10:20: main: Launching a new Ocsidbm process: /home/jun/.opam/system/lib/ocsigenserver/extensions/ocsidbm.opt on directory local/var/data/oco/ocsipersist.
Jul 12 07:10:23: main: ...Initialization of Ocsipersist-dbm complete
Jul 12 07:10:30: main: While parsing config file, tag <host>: No defaulthostname, assuming it is "vmware"
Jul 12 07:10:30: main: Ocsigen has been launched (initialisations ok)
Jul 12 22:32:49: main: Initializing Ocsipersist-dbm...
Jul 12 22:32:49: main: Launching a new Ocsidbm process: /home/jun/.opam/system/lib/ocsigenserver/extensions/ocsidbm.opt on directory local/var/data/oco/ocsipersist.
Jul 12 22:32:50: main: ...Initialization of Ocsipersist-dbm complete
Jul 12 22:33:08: main: Initializing Ocsipersist-dbm...
Jul 12 22:33:08: main: Launching a new Ocsidbm process: /home/jun/.opam/system/lib/ocsigenserver/extensions/ocsidbm.opt on directory local/var/data/oco/ocsipersist.
Jul 12 22:33:09: main: ...Initialization of Ocsipersist-dbm complete
Jul 12 22:45:14: main: Initializing Ocsipersist-dbm...
Jul 12 22:45:14: main: Launching a new Ocsidbm process: /home/jun/.opam/system/lib/ocsigenserver/extensions/ocsidbm.opt on directory local/var/data/oco/ocsipersist.
Jul 12 22:45:15: main: ...Initialization of Ocsipersist-dbm complete
Jul 13 19:50:49: main: Initializing Ocsipersist-dbm...
Jul 13 19:50:49: main: Launching a new Ocsidbm process: /home/jun/.opam/system/lib/ocsigenserver/extensions/ocsidbm.opt on directory local/var/data/oco/ocsipersist.
Jul 13 19:50:50: main: ...Initialization of Ocsipersist-dbm complete
Jul 13 19:50:54: main: While parsing config file, tag <host>: No defaulthostname, assuming it is "vmware"
Jul 13 19:50:54: main: Ocsigen has been launched (initialisations ok)
Jul 13 20:00:16: main: Initializing Ocsipersist-dbm...
Jul 13 20:00:16: main: Launching a new Ocsidbm process: /home/jun/.opam/system/lib/ocsigenserver/extensions/ocsidbm.opt on directory local/var/data/oco/ocsipersist.
Jul 13 20:00:17: main: ...Initialization of Ocsipersist-dbm complete
Jul 13 20:00:17: main: While parsing config file, tag <host>: No defaulthostname, assuming it is "vmware"
Jul 13 20:00:17: main: Ocsigen has been launched (initialisations ok)
Jul 13 20:02:04: main: Initializing Ocsipersist-dbm...
Jul 13 20:02:04: main: Launching a new Ocsidbm process: /home/jun/.opam/system/lib/ocsigenserver/extensions/ocsidbm.opt on directory local/var/data/oco/ocsipersist.
Jul 13 20:02:05: main: ...Initialization of Ocsipersist-dbm complete
Jul 13 20:02:06: main: While parsing config file, tag <host>: No defaulthostname, assuming it is "vmware"
Jul 13 20:02:06: main: Ocsigen has been launched (initialisations ok)
Jul 14 09:54:02: main: Initializing Ocsipersist-dbm...
Jul 14 09:54:02: main: Launching a new Ocsidbm process: /home/jun/.opam/system/lib/ocsigenserver/extensions/ocsidbm.opt on directory local/var/data/oco/ocsipersist.
Jul 14 09:54:03: main: ...Initialization of Ocsipersist-dbm complete
Jul 14 09:54:06: main: While parsing config file, tag <host>: No defaulthostname, assuming it is "vmware"
Jul 14 09:54:06: main: Ocsigen has been launched (initialisations ok)
Jul 16 00:01:00: main: Initializing Ocsipersist-dbm...
Jul 16 00:01:00: main: Launching a new Ocsidbm process: /home/jun/.opam/system/lib/ocsigenserver/extensions/ocsidbm.opt on directory local/var/data/oco/ocsipersist.
Jul 16 00:01:03: main: ...Initialization of Ocsipersist-dbm complete
Jul 16 00:01:41: main: While parsing config file, tag <host>: No defaulthostname, assuming it is "vmware"
Jul 16 00:01:41: main: Ocsigen has been launched (initialisations ok)
Jul 16 01:13:26: main: Initializing Ocsipersist-dbm...
Jul 16 01:13:26: main: Launching a new Ocsidbm process: /home/jun/.opam/system/lib/ocsigenserver/extensions/ocsidbm.opt on directory local/var/data/oco/ocsipersist.
Jul 16 01:13:27: main: ...Initialization of Ocsipersist-dbm complete
Jul 16 01:13:31: main: While parsing config file, tag <host>: No defaulthostname, assuming it is "vmware"
Jul 16 01:13:31: main: Ocsigen has been launched (initialisations ok)
Jul 23 21:13:19: main: Initializing Ocsipersist-dbm...
Jul 23 21:13:19: main: Launching a new Ocsidbm process: /home/jun/.opam/system/lib/ocsigenserver/extensions/ocsidbm.opt on directory local/var/data/oco/ocsipersist.
Jul 23 21:13:20: main: ...Initialization of Ocsipersist-dbm complete
Jul 23 21:28:27: main: While parsing config file, tag <host>: No defaulthostname, assuming it is "vmware"
Jul 23 21:28:27: main: Ocsigen has been launched (initialisations ok)
Jul 23 22:59:40: main: Initializing Ocsipersist-dbm...
Jul 23 22:59:40: main: Launching a new Ocsidbm process: /home/jun/.opam/system/lib/ocsigenserver/extensions/ocsidbm.opt on directory local/var/data/oco/ocsipersist.
Jul 23 22:59:41: main: ...Initialization of Ocsipersist-dbm complete
Jul 23 22:59:43: main: While parsing config file, tag <host>: No defaulthostname, assuming it is "vmware"
Jul 23 22:59:43: main: Ocsigen has been launched (initialisations ok)
Jul 23 23:02:38: main: Initializing Ocsipersist-dbm...
Jul 23 23:02:38: main: Launching a new Ocsidbm process: /home/jun/.opam/system/lib/ocsigenserver/extensions/ocsidbm.opt on directory local/var/data/oco/ocsipersist.
Jul 23 23:02:39: main: ...Initialization of Ocsipersist-dbm complete
Jul 23 23:02:40: main: While parsing config file, tag <host>: No defaulthostname, assuming it is "vmware"
Jul 23 23:02:40: main: Ocsigen has been launched (initialisations ok)
Jul 23 23:08:56: main: Initializing Ocsipersist-dbm...
Jul 23 23:08:56: main: Launching a new Ocsidbm process: /home/jun/.opam/system/lib/ocsigenserver/extensions/ocsidbm.opt on directory local/var/data/oco/ocsipersist.
Jul 23 23:08:57: main: ...Initialization of Ocsipersist-dbm complete
Jul 23 23:08:58: main: While parsing config file, tag <host>: No defaulthostname, assuming it is "vmware"
Jul 23 23:08:58: main: Ocsigen has been launched (initialisations ok)
Jul 23 23:09:39: main: Initializing Ocsipersist-dbm...
Jul 23 23:09:39: main: Launching a new Ocsidbm process: /home/jun/.opam/system/lib/ocsigenserver/extensions/ocsidbm.opt on directory local/var/data/oco/ocsipersist.
Jul 23 23:09:40: main: ...Initialization of Ocsipersist-dbm complete
Jul 23 23:09:41: main: While parsing config file, tag <host>: No defaulthostname, assuming it is "vmware"
Jul 23 23:09:41: main: Ocsigen has been launched (initialisations ok)
Jul 23 23:10:54: main: Initializing Ocsipersist-dbm...
Jul 23 23:10:54: main: Launching a new Ocsidbm process: /home/jun/.opam/system/lib/ocsigenserver/extensions/ocsidbm.opt on directory local/var/data/oco/ocsipersist.
Jul 23 23:10:55: main: ...Initialization of Ocsipersist-dbm complete
Jul 23 23:10:56: main: While parsing config file, tag <host>: No defaulthostname, assuming it is "vmware"
Jul 23 23:10:56: main: Ocsigen has been launched (initialisations ok)
Jul 23 23:11:22: main: Initializing Ocsipersist-dbm...
Jul 23 23:11:22: main: Launching a new Ocsidbm process: /home/jun/.opam/system/lib/ocsigenserver/extensions/ocsidbm.opt on directory local/var/data/oco/ocsipersist.
Jul 23 23:11:23: main: ...Initialization of Ocsipersist-dbm complete
Jul 23 23:11:24: main: While parsing config file, tag <host>: No defaulthostname, assuming it is "vmware"
Jul 23 23:11:24: main: Ocsigen has been launched (initialisations ok)
Jul 23 23:26:37: main: Initializing Ocsipersist-dbm...
Jul 23 23:26:37: main: Launching a new Ocsidbm process: /home/jun/.opam/system/lib/ocsigenserver/extensions/ocsidbm.opt on directory local/var/data/oco/ocsipersist.
Jul 23 23:26:38: main: ...Initialization of Ocsipersist-dbm complete
Jul 23 23:26:41: main: While parsing config file, tag <host>: No defaulthostname, assuming it is "vmware"
Jul 23 23:26:41: main: Ocsigen has been launched (initialisations ok)
Aug 24 09:02:44: main: Initializing Ocsipersist-dbm...
Aug 24 09:02:45: main: Launching a new Ocsidbm process: /home/jun/.opam/system/lib/ocsigenserver/extensions/ocsidbm.opt on directory local/var/data/oco/ocsipersist.
Aug 24 09:02:46: main: ...Initialization of Ocsipersist-dbm complete
Aug 24 09:04:14: main: While parsing config file, tag <host>: No defaulthostname, assuming it is "vmware"
Aug 24 09:04:14: main: Ocsigen has been launched (initialisations ok)
Aug 24 11:23:30: main: Initializing Ocsipersist-dbm...
Aug 24 11:23:30: main: Launching a new Ocsidbm process: /home/jun/.opam/system/lib/ocsigenserver/extensions/ocsidbm.opt on directory local/var/data/oco/ocsipersist.
Aug 24 11:23:31: main: ...Initialization of Ocsipersist-dbm complete
Aug 24 11:24:37: main: While parsing config file, tag <host>: No defaulthostname, assuming it is "vmware"
Aug 24 11:24:37: main: Ocsigen has been launched (initialisations ok)
Aug 24 11:38:07: main: Initializing Ocsipersist-dbm...
Aug 24 11:38:07: main: Launching a new Ocsidbm process: /home/jun/.opam/system/lib/ocsigenserver/extensions/ocsidbm.opt on directory local/var/data/oco/ocsipersist.
Aug 24 11:38:08: main: ...Initialization of Ocsipersist-dbm complete
Aug 24 11:39:11: main: While parsing config file, tag <host>: No defaulthostname, assuming it is "vmware"
Aug 24 11:39:11: main: Ocsigen has been launched (initialisations ok)
Aug 24 13:57:16: main: Initializing Ocsipersist-dbm...
Aug 24 13:57:16: main: Launching a new Ocsidbm process: /home/jun/.opam/system/lib/ocsigenserver/extensions/ocsidbm.opt on directory local/var/data/oco/ocsipersist.
Aug 24 13:57:17: main: ...Initialization of Ocsipersist-dbm complete
Aug 24 13:58:23: main: While parsing config file, tag <host>: No defaulthostname, assuming it is "vmware"
Aug 24 13:58:23: main: Ocsigen has been launched (initialisations ok)
Aug 24 14:02:36: main: Initializing Ocsipersist-dbm...
Aug 24 14:02:36: main: Launching a new Ocsidbm process: /home/jun/.opam/system/lib/ocsigenserver/extensions/ocsidbm.opt on directory local/var/data/oco/ocsipersist.
Aug 24 14:02:37: main: ...Initialization of Ocsipersist-dbm complete
Aug 24 14:03:38: main: While parsing config file, tag <host>: No defaulthostname, assuming it is "vmware"
Aug 24 14:03:38: main: Ocsigen has been launched (initialisations ok)
Aug 24 14:11:24: main: Initializing Ocsipersist-dbm...
Aug 24 14:11:24: main: Launching a new Ocsidbm process: /home/jun/.opam/system/lib/ocsigenserver/extensions/ocsidbm.opt on directory local/var/data/oco/ocsipersist.
Aug 24 14:11:26: main: ...Initialization of Ocsipersist-dbm complete
Aug 24 14:12:28: main: While parsing config file, tag <host>: No defaulthostname, assuming it is "vmware"
Aug 24 14:12:28: main: Ocsigen has been launched (initialisations ok)
Aug 24 16:15:25: main: Initializing Ocsipersist-dbm...
Aug 24 16:15:25: main: Launching a new Ocsidbm process: /home/jun/.opam/system/lib/ocsigenserver/extensions/ocsidbm.opt on directory local/var/data/oco/ocsipersist.
Aug 24 16:15:26: main: ...Initialization of Ocsipersist-dbm complete
Aug 24 16:16:30: main: While parsing config file, tag <host>: No defaulthostname, assuming it is "vmware"
Aug 24 16:16:30: main: Ocsigen has been launched (initialisations ok)
